{"/Users/changjaeyou/Documents/projects/7100_Fly_paper_plane/.stryker-tmp/sandbox-8HwmUe/src/blocks/block4-ui-ux/features/f5-sound-system/core/AudioManager.ts": {"path":"/Users/changjaeyou/Documents/projects/7100_Fly_paper_plane/.stryker-tmp/sandbox-8HwmUe/src/blocks/block4-ui-ux/features/f5-sound-system/core/AudioManager.ts","statementMap":{"0":{"start":{"line":3,"column":10},"end":{"line":3,"column":null}},"1":{"start":{"line":4,"column":11},"end":{"line":4,"column":null}},"2":{"start":{"line":5,"column":2},"end":{"line":7,"column":null}},"3":{"start":{"line":6,"column":4},"end":{"line":6,"column":null}},"4":{"start":{"line":9,"column":4},"end":{"line":9,"column":null}},"5":{"start":{"line":11,"column":2},"end":{"line":11,"column":null}},"6":{"start":{"line":12,"column":2},"end":{"line":12,"column":null}},"7":{"start":{"line":14,"column":0},"end":{"line":14,"column":null}},"8":{"start":{"line":16,"column":11},"end":{"line":16,"column":null}},"9":{"start":{"line":17,"column":12},"end":{"line":20,"column":null}},"10":{"start":{"line":22,"column":12},"end":{"line":22,"column":null}},"11":{"start":{"line":23,"column":4},"end":{"line":25,"column":null}},"12":{"start":{"line":24,"column":6},"end":{"line":24,"column":null}},"13":{"start":{"line":26,"column":12},"end":{"line":26,"column":null}},"14":{"start":{"line":27,"column":4},"end":{"line":29,"column":null}},"15":{"start":{"line":27,"column":17},"end":{"line":27,"column":20}},"16":{"start":{"line":28,"column":6},"end":{"line":28,"column":null}},"17":{"start":{"line":31,"column":2},"end":{"line":31,"column":null}},"18":{"start":{"line":32,"column":2},"end":{"line":32,"column":null}},"19":{"start":{"line":35,"column":11},"end":{"line":35,"column":null}},"20":{"start":{"line":37,"column":4},"end":{"line":42,"column":null}},"21":{"start":{"line":38,"column":6},"end":{"line":40,"column":null}},"22":{"start":{"line":39,"column":8},"end":{"line":39,"column":null}},"23":{"start":{"line":41,"column":6},"end":{"line":41,"column":null}},"24":{"start":{"line":43,"column":4},"end":{"line":43,"column":null}},"25":{"start":{"line":45,"column":2},"end":{"line":45,"column":null}},"26":{"start":{"line":46,"column":2},"end":{"line":46,"column":null}},"27":{"start":{"line":51,"column":35},"end":{"line":51,"column":null}},"28":{"start":{"line":52,"column":31},"end":{"line":52,"column":null}},"29":{"start":{"line":53,"column":31},"end":{"line":53,"column":null}},"30":{"start":{"line":54,"column":28},"end":{"line":54,"column":null}},"31":{"start":{"line":55,"column":38},"end":{"line":55,"column":null}},"32":{"start":{"line":56,"column":33},"end":{"line":56,"column":null}},"33":{"start":{"line":62,"column":4},"end":{"line":67,"column":null}},"34":{"start":{"line":65,"column":6},"end":{"line":65,"column":null}},"35":{"start":{"line":66,"column":6},"end":{"line":66,"column":null}},"36":{"start":{"line":77,"column":4},"end":{"line":124,"column":null}},"37":{"start":{"line":80,"column":6},"end":{"line":80,"column":null}},"38":{"start":{"line":81,"column":6},"end":{"line":123,"column":null}},"39":{"start":{"line":82,"column":8},"end":{"line":114,"column":null}},"40":{"start":{"line":85,"column":10},"end":{"line":85,"column":null}},"41":{"start":{"line":86,"column":23},"end":{"line":89,"column":null}},"42":{"start":{"line":90,"column":10},"end":{"line":113,"column":null}},"43":{"start":{"line":91,"column":12},"end":{"line":112,"column":null}},"44":{"start":{"line":94,"column":14},"end":{"line":94,"column":null}},"45":{"start":{"line":95,"column":14},"end":{"line":103,"column":null}},"46":{"start":{"line":96,"column":16},"end":{"line":102,"column":null}},"47":{"start":{"line":99,"column":18},"end":{"line":99,"column":null}},"48":{"start":{"line":100,"column":18},"end":{"line":100,"column":null}},"49":{"start":{"line":101,"column":18},"end":{"line":101,"column":null}},"50":{"start":{"line":104,"column":14},"end":{"line":111,"column":null}},"51":{"start":{"line":105,"column":16},"end":{"line":110,"column":null}},"52":{"start":{"line":108,"column":18},"end":{"line":108,"column":null}},"53":{"start":{"line":109,"column":18},"end":{"line":109,"column":null}},"54":{"start":{"line":116,"column":8},"end":{"line":122,"column":null}},"55":{"start":{"line":119,"column":10},"end":{"line":119,"column":null}},"56":{"start":{"line":120,"column":10},"end":{"line":120,"column":null}},"57":{"start":{"line":121,"column":10},"end":{"line":121,"column":null}},"58":{"start":{"line":131,"column":4},"end":{"line":136,"column":null}},"59":{"start":{"line":134,"column":6},"end":{"line":134,"column":null}},"60":{"start":{"line":135,"column":6},"end":{"line":135,"column":null}},"61":{"start":{"line":143,"column":4},"end":{"line":161,"column":null}},"62":{"start":{"line":146,"column":6},"end":{"line":146,"column":null}},"63":{"start":{"line":147,"column":20},"end":{"line":147,"column":null}},"64":{"start":{"line":148,"column":6},"end":{"line":156,"column":null}},"65":{"start":{"line":149,"column":8},"end":{"line":155,"column":null}},"66":{"start":{"line":152,"column":10},"end":{"line":152,"column":null}},"67":{"start":{"line":153,"column":10},"end":{"line":153,"column":null}},"68":{"start":{"line":154,"column":10},"end":{"line":154,"column":null}},"69":{"start":{"line":159,"column":6},"end":{"line":159,"column":null}},"70":{"start":{"line":160,"column":6},"end":{"line":160,"column":null}},"71":{"start":{"line":168,"column":4},"end":{"line":181,"column":null}},"72":{"start":{"line":171,"column":6},"end":{"line":171,"column":null}},"73":{"start":{"line":172,"column":20},"end":{"line":172,"column":null}},"74":{"start":{"line":173,"column":6},"end":{"line":180,"column":null}},"75":{"start":{"line":174,"column":8},"end":{"line":179,"column":null}},"76":{"start":{"line":177,"column":10},"end":{"line":177,"column":null}},"77":{"start":{"line":178,"column":10},"end":{"line":178,"column":null}},"78":{"start":{"line":188,"column":4},"end":{"line":201,"column":null}},"79":{"start":{"line":191,"column":6},"end":{"line":191,"column":null}},"80":{"start":{"line":192,"column":20},"end":{"line":192,"column":null}},"81":{"start":{"line":193,"column":6},"end":{"line":200,"column":null}},"82":{"start":{"line":194,"column":8},"end":{"line":199,"column":null}},"83":{"start":{"line":197,"column":10},"end":{"line":197,"column":null}},"84":{"start":{"line":198,"column":10},"end":{"line":198,"column":null}},"85":{"start":{"line":208,"column":4},"end":{"line":220,"column":null}},"86":{"start":{"line":211,"column":6},"end":{"line":211,"column":null}},"87":{"start":{"line":212,"column":6},"end":{"line":219,"column":null}},"88":{"start":{"line":213,"column":8},"end":{"line":218,"column":null}},"89":{"start":{"line":216,"column":10},"end":{"line":216,"column":null}},"90":{"start":{"line":217,"column":10},"end":{"line":217,"column":null}},"91":{"start":{"line":229,"column":4},"end":{"line":242,"column":null}},"92":{"start":{"line":232,"column":6},"end":{"line":232,"column":null}},"93":{"start":{"line":233,"column":20},"end":{"line":233,"column":null}},"94":{"start":{"line":234,"column":6},"end":{"line":241,"column":null}},"95":{"start":{"line":235,"column":8},"end":{"line":240,"column":null}},"96":{"start":{"line":238,"column":10},"end":{"line":238,"column":null}},"97":{"start":{"line":239,"column":10},"end":{"line":239,"column":null}},"98":{"start":{"line":249,"column":4},"end":{"line":264,"column":null}},"99":{"start":{"line":252,"column":6},"end":{"line":252,"column":null}},"100":{"start":{"line":253,"column":6},"end":{"line":253,"column":null}},"101":{"start":{"line":256,"column":6},"end":{"line":263,"column":null}},"102":{"start":{"line":257,"column":8},"end":{"line":262,"column":null}},"103":{"start":{"line":260,"column":10},"end":{"line":260,"column":null}},"104":{"start":{"line":261,"column":10},"end":{"line":261,"column":null}},"105":{"start":{"line":271,"column":4},"end":{"line":276,"column":null}},"106":{"start":{"line":274,"column":6},"end":{"line":274,"column":null}},"107":{"start":{"line":275,"column":6},"end":{"line":275,"column":null}},"108":{"start":{"line":283,"column":4},"end":{"line":296,"column":null}},"109":{"start":{"line":286,"column":6},"end":{"line":286,"column":null}},"110":{"start":{"line":287,"column":20},"end":{"line":287,"column":null}},"111":{"start":{"line":288,"column":6},"end":{"line":295,"column":null}},"112":{"start":{"line":289,"column":8},"end":{"line":294,"column":null}},"113":{"start":{"line":292,"column":10},"end":{"line":292,"column":null}},"114":{"start":{"line":293,"column":10},"end":{"line":293,"column":null}},"115":{"start":{"line":303,"column":4},"end":{"line":317,"column":null}},"116":{"start":{"line":306,"column":6},"end":{"line":306,"column":null}},"117":{"start":{"line":307,"column":20},"end":{"line":307,"column":null}},"118":{"start":{"line":308,"column":6},"end":{"line":316,"column":null}},"119":{"start":{"line":309,"column":8},"end":{"line":315,"column":null}},"120":{"start":{"line":312,"column":10},"end":{"line":312,"column":null}},"121":{"start":{"line":313,"column":10},"end":{"line":313,"column":null}},"122":{"start":{"line":314,"column":10},"end":{"line":314,"column":null}},"123":{"start":{"line":324,"column":4},"end":{"line":337,"column":null}},"124":{"start":{"line":327,"column":6},"end":{"line":327,"column":null}},"125":{"start":{"line":328,"column":6},"end":{"line":335,"column":null}},"126":{"start":{"line":329,"column":8},"end":{"line":334,"column":null}},"127":{"start":{"line":332,"column":10},"end":{"line":332,"column":null}},"128":{"start":{"line":333,"column":10},"end":{"line":333,"column":null}},"129":{"start":{"line":336,"column":6},"end":{"line":336,"column":null}}},"fnMap":{"0":{"name":"stryNS_9fa48","decl":{"start":{"line":2,"column":9},"end":{"line":2,"column":24}},"loc":{"start":{"line":2,"column":24},"end":{"line":13,"column":null}},"line":2},"1":{"name":"retrieveNS","decl":{"start":{"line":8,"column":11},"end":{"line":8,"column":24}},"loc":{"start":{"line":8,"column":24},"end":{"line":10,"column":null}},"line":8},"2":{"name":"stryCov_9fa48","decl":{"start":{"line":15,"column":9},"end":{"line":15,"column":25}},"loc":{"start":{"line":15,"column":25},"end":{"line":33,"column":null}},"line":15},"3":{"name":"cover","decl":{"start":{"line":21,"column":11},"end":{"line":21,"column":19}},"loc":{"start":{"line":21,"column":19},"end":{"line":30,"column":null}},"line":21},"4":{"name":"stryMutAct_9fa48","decl":{"start":{"line":34,"column":9},"end":{"line":34,"column":26}},"loc":{"start":{"line":34,"column":30},"end":{"line":47,"column":null}},"line":34},"5":{"name":"isActive","decl":{"start":{"line":36,"column":11},"end":{"line":36,"column":20}},"loc":{"start":{"line":36,"column":24},"end":{"line":44,"column":null}},"line":36},"6":{"name":"(anonymous_6)","decl":{"start":{"line":61,"column":10},"end":{"line":61,"column":22}},"loc":{"start":{"line":61,"column":46},"end":{"line":68,"column":null}},"line":61},"7":{"name":"(anonymous_7)","decl":{"start":{"line":76,"column":8},"end":{"line":76,"column":18}},"loc":{"start":{"line":76,"column":63},"end":{"line":125,"column":null}},"line":76},"8":{"name":"(anonymous_8)","decl":{"start":{"line":90,"column":38},"end":{"line":90,"column":49}},"loc":{"start":{"line":90,"column":49},"end":{"line":113,"column":11}},"line":90},"9":{"name":"(anonymous_9)","decl":{"start":{"line":95,"column":87},"end":{"line":95,"column":93}},"loc":{"start":{"line":95,"column":93},"end":{"line":103,"column":15}},"line":95},"10":{"name":"(anonymous_10)","decl":{"start":{"line":104,"column":92},"end":{"line":104,"column":98}},"loc":{"start":{"line":104,"column":98},"end":{"line":111,"column":15}},"line":104},"11":{"name":"(anonymous_11)","decl":{"start":{"line":130,"column":2},"end":{"line":130,"column":11}},"loc":{"start":{"line":130,"column":34},"end":{"line":137,"column":null}},"line":130},"12":{"name":"(anonymous_12)","decl":{"start":{"line":142,"column":2},"end":{"line":142,"column":7}},"loc":{"start":{"line":142,"column":27},"end":{"line":162,"column":null}},"line":142},"13":{"name":"(anonymous_13)","decl":{"start":{"line":167,"column":2},"end":{"line":167,"column":8}},"loc":{"start":{"line":167,"column":28},"end":{"line":182,"column":null}},"line":167},"14":{"name":"(anonymous_14)","decl":{"start":{"line":187,"column":2},"end":{"line":187,"column":7}},"loc":{"start":{"line":187,"column":27},"end":{"line":202,"column":null}},"line":187},"15":{"name":"(anonymous_15)","decl":{"start":{"line":207,"column":2},"end":{"line":207,"column":18}},"loc":{"start":{"line":207,"column":18},"end":{"line":221,"column":null}},"line":207},"16":{"name":"(anonymous_16)","decl":{"start":{"line":212,"column":26},"end":{"line":212,"column":35}},"loc":{"start":{"line":212,"column":35},"end":{"line":219,"column":7}},"line":212},"17":{"name":"(anonymous_17)","decl":{"start":{"line":228,"column":2},"end":{"line":228,"column":12}},"loc":{"start":{"line":228,"column":48},"end":{"line":243,"column":null}},"line":228},"18":{"name":"(anonymous_18)","decl":{"start":{"line":248,"column":2},"end":{"line":248,"column":18}},"loc":{"start":{"line":248,"column":40},"end":{"line":265,"column":null}},"line":248},"19":{"name":"(anonymous_19)","decl":{"start":{"line":256,"column":26},"end":{"line":256,"column":35}},"loc":{"start":{"line":256,"column":35},"end":{"line":263,"column":7}},"line":256},"20":{"name":"(anonymous_20)","decl":{"start":{"line":270,"column":2},"end":{"line":270,"column":28}},"loc":{"start":{"line":270,"column":28},"end":{"line":277,"column":null}},"line":270},"21":{"name":"(anonymous_21)","decl":{"start":{"line":282,"column":2},"end":{"line":282,"column":10}},"loc":{"start":{"line":282,"column":45},"end":{"line":297,"column":null}},"line":282},"22":{"name":"(anonymous_22)","decl":{"start":{"line":302,"column":2},"end":{"line":302,"column":9}},"loc":{"start":{"line":302,"column":29},"end":{"line":318,"column":null}},"line":302},"23":{"name":"(anonymous_23)","decl":{"start":{"line":323,"column":2},"end":{"line":323,"column":18}},"loc":{"start":{"line":323,"column":18},"end":{"line":338,"column":null}},"line":323},"24":{"name":"(anonymous_24)","decl":{"start":{"line":328,"column":26},"end":{"line":328,"column":35}},"loc":{"start":{"line":328,"column":35},"end":{"line":335,"column":7}},"line":328}},"branchMap":{"0":{"loc":{"start":{"line":3,"column":10},"end":{"line":3,"column":null}},"type":"binary-expr","locations":[{"start":{"line":3,"column":10},"end":{"line":3,"column":44}},{"start":{"line":3,"column":44},"end":{"line":3,"column":58}},{"start":{"line":3,"column":58},"end":{"line":3,"column":86}},{"start":{"line":3,"column":86},"end":{"line":3,"column":100}},{"start":{"line":3,"column":100},"end":{"line":3,"column":null}}],"line":3},"1":{"loc":{"start":{"line":4,"column":11},"end":{"line":4,"column":null}},"type":"binary-expr","locations":[{"start":{"line":4,"column":11},"end":{"line":4,"column":29}},{"start":{"line":4,"column":29},"end":{"line":4,"column":null}}],"line":4},"2":{"loc":{"start":{"line":5,"column":2},"end":{"line":7,"column":null}},"type":"if","locations":[{"start":{"line":5,"column":2},"end":{"line":7,"column":null}},{"start":{},"end":{}}],"line":5},"3":{"loc":{"start":{"line":5,"column":6},"end":{"line":5,"column":110}},"type":"binary-expr","locations":[{"start":{"line":5,"column":6},"end":{"line":5,"column":39}},{"start":{"line":5,"column":39},"end":{"line":5,"column":52}},{"start":{"line":5,"column":52},"end":{"line":5,"column":69}},{"start":{"line":5,"column":69},"end":{"line":5,"column":110}}],"line":5},"4":{"loc":{"start":{"line":17,"column":12},"end":{"line":20,"column":null}},"type":"binary-expr","locations":[{"start":{"line":17,"column":12},"end":{"line":17,"column":34}},{"start":{"line":17,"column":34},"end":{"line":20,"column":null}}],"line":17},"5":{"loc":{"start":{"line":23,"column":4},"end":{"line":25,"column":null}},"type":"if","locations":[{"start":{"line":23,"column":4},"end":{"line":25,"column":null}},{"start":{},"end":{}}],"line":23},"6":{"loc":{"start":{"line":24,"column":42},"end":{"line":24,"column":null}},"type":"binary-expr","locations":[{"start":{"line":24,"column":42},"end":{"line":24,"column":75}},{"start":{"line":24,"column":75},"end":{"line":24,"column":null}}],"line":24},"7":{"loc":{"start":{"line":28,"column":17},"end":{"line":28,"column":33}},"type":"binary-expr","locations":[{"start":{"line":28,"column":17},"end":{"line":28,"column":28}},{"start":{"line":28,"column":28},"end":{"line":28,"column":33}}],"line":28},"8":{"loc":{"start":{"line":37,"column":4},"end":{"line":42,"column":null}},"type":"if","locations":[{"start":{"line":37,"column":4},"end":{"line":42,"column":null}},{"start":{},"end":{}}],"line":37},"9":{"loc":{"start":{"line":38,"column":6},"end":{"line":40,"column":null}},"type":"if","locations":[{"start":{"line":38,"column":6},"end":{"line":40,"column":null}},{"start":{},"end":{}}],"line":38},"10":{"loc":{"start":{"line":38,"column":10},"end":{"line":38,"column":65}},"type":"binary-expr","locations":[{"start":{"line":38,"column":10},"end":{"line":38,"column":36}},{"start":{"line":38,"column":36},"end":{"line":38,"column":65}}],"line":38},"11":{"loc":{"start":{"line":54,"column":28},"end":{"line":54,"column":null}},"type":"cond-expr","locations":[{"start":{"line":54,"column":55},"end":{"line":54,"column":64}},{"start":{"line":54,"column":64},"end":{"line":54,"column":null}}],"line":54},"12":{"loc":{"start":{"line":62,"column":4},"end":{"line":67,"column":null}},"type":"if","locations":[{"start":{"line":62,"column":4},"end":{"line":67,"column":null}},{"start":{"line":64,"column":11},"end":{"line":67,"column":null}}],"line":62},"13":{"loc":{"start":{"line":66,"column":13},"end":{"line":66,"column":null}},"type":"cond-expr","locations":[{"start":{"line":66,"column":40},"end":{"line":66,"column":120}},{"start":{"line":66,"column":120},"end":{"line":66,"column":null}}],"line":66},"14":{"loc":{"start":{"line":66,"column":177},"end":{"line":66,"column":314}},"type":"cond-expr","locations":[{"start":{"line":66,"column":204},"end":{"line":66,"column":249}},{"start":{"line":66,"column":249},"end":{"line":66,"column":314}}],"line":66},"15":{"loc":{"start":{"line":77,"column":4},"end":{"line":124,"column":null}},"type":"if","locations":[{"start":{"line":77,"column":4},"end":{"line":124,"column":null}},{"start":{"line":79,"column":11},"end":{"line":124,"column":null}}],"line":77},"16":{"loc":{"start":{"line":82,"column":8},"end":{"line":114,"column":null}},"type":"if","locations":[{"start":{"line":82,"column":8},"end":{"line":114,"column":null}},{"start":{"line":84,"column":15},"end":{"line":114,"column":null}}],"line":82},"17":{"loc":{"start":{"line":86,"column":32},"end":{"line":89,"column":12}},"type":"cond-expr","locations":[{"start":{"line":86,"column":59},"end":{"line":86,"column":65}},{"start":{"line":86,"column":65},"end":{"line":89,"column":12}}],"line":86},"18":{"loc":{"start":{"line":87,"column":17},"end":{"line":87,"column":null}},"type":"cond-expr","locations":[{"start":{"line":87,"column":44},"end":{"line":87,"column":50}},{"start":{"line":87,"column":50},"end":{"line":87,"column":null}}],"line":87},"19":{"loc":{"start":{"line":91,"column":12},"end":{"line":112,"column":null}},"type":"if","locations":[{"start":{"line":91,"column":12},"end":{"line":112,"column":null}},{"start":{"line":93,"column":19},"end":{"line":112,"column":null}}],"line":91},"20":{"loc":{"start":{"line":95,"column":22},"end":{"line":95,"column":87}},"type":"cond-expr","locations":[{"start":{"line":95,"column":49},"end":{"line":95,"column":55}},{"start":{"line":95,"column":55},"end":{"line":95,"column":87}}],"line":95},"21":{"loc":{"start":{"line":96,"column":16},"end":{"line":102,"column":null}},"type":"if","locations":[{"start":{"line":96,"column":16},"end":{"line":102,"column":null}},{"start":{"line":98,"column":23},"end":{"line":102,"column":null}}],"line":96},"22":{"loc":{"start":{"line":101,"column":26},"end":{"line":101,"column":90}},"type":"cond-expr","locations":[{"start":{"line":101,"column":53},"end":{"line":101,"column":62}},{"start":{"line":101,"column":62},"end":{"line":101,"column":90}}],"line":101},"23":{"loc":{"start":{"line":104,"column":22},"end":{"line":104,"column":92}},"type":"cond-expr","locations":[{"start":{"line":104,"column":49},"end":{"line":104,"column":55}},{"start":{"line":104,"column":55},"end":{"line":104,"column":92}}],"line":104},"24":{"loc":{"start":{"line":105,"column":16},"end":{"line":110,"column":null}},"type":"if","locations":[{"start":{"line":105,"column":16},"end":{"line":110,"column":null}},{"start":{"line":107,"column":23},"end":{"line":110,"column":null}}],"line":105},"25":{"loc":{"start":{"line":109,"column":26},"end":{"line":109,"column":90}},"type":"cond-expr","locations":[{"start":{"line":109,"column":53},"end":{"line":109,"column":61}},{"start":{"line":109,"column":61},"end":{"line":109,"column":90}}],"line":109},"26":{"loc":{"start":{"line":116,"column":8},"end":{"line":122,"column":null}},"type":"if","locations":[{"start":{"line":116,"column":8},"end":{"line":122,"column":null}},{"start":{"line":118,"column":15},"end":{"line":122,"column":null}}],"line":116},"27":{"loc":{"start":{"line":120,"column":24},"end":{"line":120,"column":114}},"type":"cond-expr","locations":[{"start":{"line":120,"column":51},"end":{"line":120,"column":57}},{"start":{"line":120,"column":57},"end":{"line":120,"column":114}}],"line":120},"28":{"loc":{"start":{"line":121,"column":17},"end":{"line":121,"column":null}},"type":"cond-expr","locations":[{"start":{"line":121,"column":44},"end":{"line":121,"column":52}},{"start":{"line":121,"column":52},"end":{"line":121,"column":null}}],"line":121},"29":{"loc":{"start":{"line":131,"column":4},"end":{"line":136,"column":null}},"type":"if","locations":[{"start":{"line":131,"column":4},"end":{"line":136,"column":null}},{"start":{"line":133,"column":11},"end":{"line":136,"column":null}}],"line":131},"30":{"loc":{"start":{"line":143,"column":4},"end":{"line":161,"column":null}},"type":"if","locations":[{"start":{"line":143,"column":4},"end":{"line":161,"column":null}},{"start":{"line":145,"column":11},"end":{"line":161,"column":null}}],"line":143},"31":{"loc":{"start":{"line":148,"column":6},"end":{"line":156,"column":null}},"type":"if","locations":[{"start":{"line":148,"column":6},"end":{"line":156,"column":null}},{"start":{},"end":{}}],"line":148},"32":{"loc":{"start":{"line":148,"column":10},"end":{"line":148,"column":163}},"type":"cond-expr","locations":[{"start":{"line":148,"column":37},"end":{"line":148,"column":45}},{"start":{"line":148,"column":45},"end":{"line":148,"column":163}}],"line":148},"33":{"loc":{"start":{"line":148,"column":45},"end":{"line":148,"column":163}},"type":"cond-expr","locations":[{"start":{"line":148,"column":72},"end":{"line":148,"column":79}},{"start":{"line":148,"column":79},"end":{"line":148,"column":163}}],"line":148},"34":{"loc":{"start":{"line":148,"column":79},"end":{"line":148,"column":163}},"type":"cond-expr","locations":[{"start":{"line":148,"column":106},"end":{"line":148,"column":115}},{"start":{"line":148,"column":115},"end":{"line":148,"column":163}}],"line":148},"35":{"loc":{"start":{"line":149,"column":8},"end":{"line":155,"column":null}},"type":"if","locations":[{"start":{"line":149,"column":8},"end":{"line":155,"column":null}},{"start":{"line":151,"column":15},"end":{"line":155,"column":null}}],"line":149},"36":{"loc":{"start":{"line":153,"column":23},"end":{"line":153,"column":107}},"type":"cond-expr","locations":[{"start":{"line":153,"column":50},"end":{"line":153,"column":56}},{"start":{"line":153,"column":56},"end":{"line":153,"column":107}}],"line":153},"37":{"loc":{"start":{"line":168,"column":4},"end":{"line":181,"column":null}},"type":"if","locations":[{"start":{"line":168,"column":4},"end":{"line":181,"column":null}},{"start":{"line":170,"column":11},"end":{"line":181,"column":null}}],"line":168},"38":{"loc":{"start":{"line":173,"column":6},"end":{"line":180,"column":null}},"type":"if","locations":[{"start":{"line":173,"column":6},"end":{"line":180,"column":null}},{"start":{},"end":{}}],"line":173},"39":{"loc":{"start":{"line":173,"column":10},"end":{"line":173,"column":119}},"type":"cond-expr","locations":[{"start":{"line":173,"column":37},"end":{"line":173,"column":45}},{"start":{"line":173,"column":45},"end":{"line":173,"column":119}}],"line":173},"40":{"loc":{"start":{"line":173,"column":45},"end":{"line":173,"column":119}},"type":"cond-expr","locations":[{"start":{"line":173,"column":72},"end":{"line":173,"column":80}},{"start":{"line":173,"column":80},"end":{"line":173,"column":119}}],"line":173},"41":{"loc":{"start":{"line":174,"column":8},"end":{"line":179,"column":null}},"type":"if","locations":[{"start":{"line":174,"column":8},"end":{"line":179,"column":null}},{"start":{"line":176,"column":15},"end":{"line":179,"column":null}}],"line":174},"42":{"loc":{"start":{"line":188,"column":4},"end":{"line":201,"column":null}},"type":"if","locations":[{"start":{"line":188,"column":4},"end":{"line":201,"column":null}},{"start":{"line":190,"column":11},"end":{"line":201,"column":null}}],"line":188},"43":{"loc":{"start":{"line":193,"column":6},"end":{"line":200,"column":null}},"type":"if","locations":[{"start":{"line":193,"column":6},"end":{"line":200,"column":null}},{"start":{},"end":{}}],"line":193},"44":{"loc":{"start":{"line":193,"column":10},"end":{"line":193,"column":119}},"type":"cond-expr","locations":[{"start":{"line":193,"column":37},"end":{"line":193,"column":45}},{"start":{"line":193,"column":45},"end":{"line":193,"column":119}}],"line":193},"45":{"loc":{"start":{"line":193,"column":45},"end":{"line":193,"column":119}},"type":"cond-expr","locations":[{"start":{"line":193,"column":72},"end":{"line":193,"column":80}},{"start":{"line":193,"column":80},"end":{"line":193,"column":119}}],"line":193},"46":{"loc":{"start":{"line":194,"column":8},"end":{"line":199,"column":null}},"type":"if","locations":[{"start":{"line":194,"column":8},"end":{"line":199,"column":null}},{"start":{"line":196,"column":15},"end":{"line":199,"column":null}}],"line":194},"47":{"loc":{"start":{"line":208,"column":4},"end":{"line":220,"column":null}},"type":"if","locations":[{"start":{"line":208,"column":4},"end":{"line":220,"column":null}},{"start":{"line":210,"column":11},"end":{"line":220,"column":null}}],"line":208},"48":{"loc":{"start":{"line":213,"column":8},"end":{"line":218,"column":null}},"type":"if","locations":[{"start":{"line":213,"column":8},"end":{"line":218,"column":null}},{"start":{"line":215,"column":15},"end":{"line":218,"column":null}}],"line":213},"49":{"loc":{"start":{"line":229,"column":4},"end":{"line":242,"column":null}},"type":"if","locations":[{"start":{"line":229,"column":4},"end":{"line":242,"column":null}},{"start":{"line":231,"column":11},"end":{"line":242,"column":null}}],"line":229},"50":{"loc":{"start":{"line":234,"column":6},"end":{"line":241,"column":null}},"type":"if","locations":[{"start":{"line":234,"column":6},"end":{"line":241,"column":null}},{"start":{},"end":{}}],"line":234},"51":{"loc":{"start":{"line":234,"column":10},"end":{"line":234,"column":119}},"type":"cond-expr","locations":[{"start":{"line":234,"column":37},"end":{"line":234,"column":45}},{"start":{"line":234,"column":45},"end":{"line":234,"column":119}}],"line":234},"52":{"loc":{"start":{"line":234,"column":45},"end":{"line":234,"column":119}},"type":"cond-expr","locations":[{"start":{"line":234,"column":72},"end":{"line":234,"column":80}},{"start":{"line":234,"column":80},"end":{"line":234,"column":119}}],"line":234},"53":{"loc":{"start":{"line":235,"column":8},"end":{"line":240,"column":null}},"type":"if","locations":[{"start":{"line":235,"column":8},"end":{"line":240,"column":null}},{"start":{"line":237,"column":15},"end":{"line":240,"column":null}}],"line":235},"54":{"loc":{"start":{"line":249,"column":4},"end":{"line":264,"column":null}},"type":"if","locations":[{"start":{"line":249,"column":4},"end":{"line":264,"column":null}},{"start":{"line":251,"column":11},"end":{"line":264,"column":null}}],"line":249},"55":{"loc":{"start":{"line":257,"column":8},"end":{"line":262,"column":null}},"type":"if","locations":[{"start":{"line":257,"column":8},"end":{"line":262,"column":null}},{"start":{"line":259,"column":15},"end":{"line":262,"column":null}}],"line":257},"56":{"loc":{"start":{"line":271,"column":4},"end":{"line":276,"column":null}},"type":"if","locations":[{"start":{"line":271,"column":4},"end":{"line":276,"column":null}},{"start":{"line":273,"column":11},"end":{"line":276,"column":null}}],"line":271},"57":{"loc":{"start":{"line":283,"column":4},"end":{"line":296,"column":null}},"type":"if","locations":[{"start":{"line":283,"column":4},"end":{"line":296,"column":null}},{"start":{"line":285,"column":11},"end":{"line":296,"column":null}}],"line":283},"58":{"loc":{"start":{"line":288,"column":6},"end":{"line":295,"column":null}},"type":"if","locations":[{"start":{"line":288,"column":6},"end":{"line":295,"column":null}},{"start":{},"end":{}}],"line":288},"59":{"loc":{"start":{"line":288,"column":10},"end":{"line":288,"column":119}},"type":"cond-expr","locations":[{"start":{"line":288,"column":37},"end":{"line":288,"column":45}},{"start":{"line":288,"column":45},"end":{"line":288,"column":119}}],"line":288},"60":{"loc":{"start":{"line":288,"column":45},"end":{"line":288,"column":119}},"type":"cond-expr","locations":[{"start":{"line":288,"column":72},"end":{"line":288,"column":80}},{"start":{"line":288,"column":80},"end":{"line":288,"column":119}}],"line":288},"61":{"loc":{"start":{"line":289,"column":8},"end":{"line":294,"column":null}},"type":"if","locations":[{"start":{"line":289,"column":8},"end":{"line":294,"column":null}},{"start":{"line":291,"column":15},"end":{"line":294,"column":null}}],"line":289},"62":{"loc":{"start":{"line":303,"column":4},"end":{"line":317,"column":null}},"type":"if","locations":[{"start":{"line":303,"column":4},"end":{"line":317,"column":null}},{"start":{"line":305,"column":11},"end":{"line":317,"column":null}}],"line":303},"63":{"loc":{"start":{"line":308,"column":6},"end":{"line":316,"column":null}},"type":"if","locations":[{"start":{"line":308,"column":6},"end":{"line":316,"column":null}},{"start":{},"end":{}}],"line":308},"64":{"loc":{"start":{"line":308,"column":10},"end":{"line":308,"column":119}},"type":"cond-expr","locations":[{"start":{"line":308,"column":37},"end":{"line":308,"column":45}},{"start":{"line":308,"column":45},"end":{"line":308,"column":119}}],"line":308},"65":{"loc":{"start":{"line":308,"column":45},"end":{"line":308,"column":119}},"type":"cond-expr","locations":[{"start":{"line":308,"column":72},"end":{"line":308,"column":80}},{"start":{"line":308,"column":80},"end":{"line":308,"column":119}}],"line":308},"66":{"loc":{"start":{"line":309,"column":8},"end":{"line":315,"column":null}},"type":"if","locations":[{"start":{"line":309,"column":8},"end":{"line":315,"column":null}},{"start":{"line":311,"column":15},"end":{"line":315,"column":null}}],"line":309},"67":{"loc":{"start":{"line":324,"column":4},"end":{"line":337,"column":null}},"type":"if","locations":[{"start":{"line":324,"column":4},"end":{"line":337,"column":null}},{"start":{"line":326,"column":11},"end":{"line":337,"column":null}}],"line":324},"68":{"loc":{"start":{"line":329,"column":8},"end":{"line":334,"column":null}},"type":"if","locations":[{"start":{"line":329,"column":8},"end":{"line":334,"column":null}},{"start":{"line":331,"column":15},"end":{"line":334,"column":null}}],"line":329}},"s":{"0":1,"1":1,"2":1,"3":0,"4":3,"5":1,"6":1,"7":1,"8":1,"9":1,"10":327,"11":327,"12":0,"13":327,"14":327,"15":327,"16":340,"17":1,"18":1,"19":1,"20":340,"21":0,"22":0,"23":0,"24":340,"25":1,"26":1,"27":1,"28":1,"29":1,"30":1,"31":25,"32":25,"33":5,"34":5,"35":5,"36":24,"37":24,"38":24,"39":24,"40":24,"41":24,"42":24,"43":23,"44":23,"45":23,"46":23,"47":23,"48":23,"49":23,"50":23,"51":0,"52":0,"53":0,"54":1,"55":1,"56":1,"57":1,"58":6,"59":6,"60":6,"61":2,"62":2,"63":2,"64":2,"65":1,"66":1,"67":1,"68":1,"69":1,"70":1,"71":1,"72":1,"73":1,"74":1,"75":1,"76":1,"77":1,"78":1,"79":1,"80":1,"81":1,"82":1,"83":1,"84":1,"85":1,"86":1,"87":1,"88":2,"89":2,"90":2,"91":4,"92":4,"93":4,"94":4,"95":3,"96":3,"97":3,"98":2,"99":2,"100":2,"101":2,"102":3,"103":3,"104":3,"105":2,"106":2,"107":2,"108":2,"109":2,"110":2,"111":2,"112":2,"113":2,"114":2,"115":1,"116":1,"117":1,"118":1,"119":1,"120":1,"121":1,"122":1,"123":27,"124":27,"125":27,"126":22,"127":22,"128":22,"129":27},"f":{"0":1,"1":3,"2":1,"3":327,"4":1,"5":340,"6":5,"7":24,"8":23,"9":23,"10":0,"11":6,"12":2,"13":1,"14":1,"15":1,"16":2,"17":4,"18":2,"19":3,"20":2,"21":2,"22":1,"23":27,"24":22},"b":{"0":[1,1,1,1,0],"1":[1,1],"2":[0,1],"3":[1,1,1,1],"4":[1,1],"5":[0,327],"6":[0,0],"7":[340,50],"8":[0,340],"9":[0,0],"10":[0,0],"11":[0,1],"12":[0,5],"13":[0,5],"14":[0,5],"15":[0,24],"16":[0,24],"17":[0,24],"18":[0,24],"19":[0,23],"20":[0,23],"21":[0,23],"22":[0,23],"23":[0,23],"24":[0,0],"25":[0,0],"26":[0,1],"27":[0,1],"28":[0,1],"29":[0,6],"30":[0,2],"31":[1,1],"32":[0,2],"33":[0,2],"34":[0,2],"35":[0,1],"36":[0,1],"37":[0,1],"38":[1,0],"39":[0,1],"40":[0,1],"41":[0,1],"42":[0,1],"43":[1,0],"44":[0,1],"45":[0,1],"46":[0,1],"47":[0,1],"48":[0,2],"49":[0,4],"50":[3,1],"51":[0,4],"52":[0,4],"53":[0,3],"54":[0,2],"55":[0,3],"56":[0,2],"57":[0,2],"58":[2,0],"59":[0,2],"60":[0,2],"61":[0,2],"62":[0,1],"63":[1,0],"64":[0,1],"65":[0,1],"66":[0,1],"67":[0,27],"68":[0,22]},"meta":{"lastBranch":69,"lastFunction":25,"lastStatement":130,"seen":{"f:2:9:2:24":0,"s:3:10:3:Infinity":0,"b:3:10:3:44:3:44:3:58:3:58:3:86:3:86:3:100:3:100:3:Infinity":0,"s:4:11:4:Infinity":1,"b:4:11:4:29:4:29:4:Infinity":1,"b:5:2:7:Infinity:undefined:undefined:undefined:undefined":2,"s:5:2:7:Infinity":2,"b:5:6:5:39:5:39:5:52:5:52:5:69:5:69:5:110":3,"s:6:4:6:Infinity":3,"f:8:11:8:24":1,"s:9:4:9:Infinity":4,"s:11:2:11:Infinity":5,"s:12:2:12:Infinity":6,"s:14:0:14:Infinity":7,"f:15:9:15:25":2,"s:16:11:16:Infinity":8,"s:17:12:20:Infinity":9,"b:17:12:17:34:17:34:20:Infinity":4,"f:21:11:21:19":3,"s:22:12:22:Infinity":10,"b:23:4:25:Infinity:undefined:undefined:undefined:undefined":5,"s:23:4:25:Infinity":11,"s:24:6:24:Infinity":12,"b:24:42:24:75:24:75:24:Infinity":6,"s:26:12:26:Infinity":13,"s:27:4:29:Infinity":14,"s:27:17:27:20":15,"s:28:6:28:Infinity":16,"b:28:17:28:28:28:28:28:33":7,"s:31:2:31:Infinity":17,"s:32:2:32:Infinity":18,"f:34:9:34:26":4,"s:35:11:35:Infinity":19,"f:36:11:36:20":5,"b:37:4:42:Infinity:undefined:undefined:undefined:undefined":8,"s:37:4:42:Infinity":20,"b:38:6:40:Infinity:undefined:undefined:undefined:undefined":9,"s:38:6:40:Infinity":21,"b:38:10:38:36:38:36:38:65":10,"s:39:8:39:Infinity":22,"s:41:6:41:Infinity":23,"s:43:4:43:Infinity":24,"s:45:2:45:Infinity":25,"s:46:2:46:Infinity":26,"s:51:35:51:Infinity":27,"s:52:31:52:Infinity":28,"s:53:31:53:Infinity":29,"s:54:28:54:Infinity":30,"s:55:38:55:Infinity":31,"s:56:33:56:Infinity":32,"b:54:55:54:64:54:64:54:Infinity":11,"f:61:10:61:22":6,"b:62:4:67:Infinity:64:11:67:Infinity":12,"s:62:4:67:Infinity":33,"s:65:6:65:Infinity":34,"s:66:6:66:Infinity":35,"b:66:40:66:120:66:120:66:Infinity":13,"b:66:204:66:249:66:249:66:314":14,"f:76:8:76:18":7,"b:77:4:124:Infinity:79:11:124:Infinity":15,"s:77:4:124:Infinity":36,"s:80:6:80:Infinity":37,"s:81:6:123:Infinity":38,"b:82:8:114:Infinity:84:15:114:Infinity":16,"s:82:8:114:Infinity":39,"s:85:10:85:Infinity":40,"s:86:23:89:Infinity":41,"b:86:59:86:65:86:65:89:12":17,"b:87:44:87:50:87:50:87:Infinity":18,"s:90:10:113:Infinity":42,"f:90:38:90:49":8,"b:91:12:112:Infinity:93:19:112:Infinity":19,"s:91:12:112:Infinity":43,"s:94:14:94:Infinity":44,"s:95:14:103:Infinity":45,"b:95:49:95:55:95:55:95:87":20,"f:95:87:95:93":9,"b:96:16:102:Infinity:98:23:102:Infinity":21,"s:96:16:102:Infinity":46,"s:99:18:99:Infinity":47,"s:100:18:100:Infinity":48,"s:101:18:101:Infinity":49,"b:101:53:101:62:101:62:101:90":22,"s:104:14:111:Infinity":50,"b:104:49:104:55:104:55:104:92":23,"f:104:92:104:98":10,"b:105:16:110:Infinity:107:23:110:Infinity":24,"s:105:16:110:Infinity":51,"s:108:18:108:Infinity":52,"s:109:18:109:Infinity":53,"b:109:53:109:61:109:61:109:90":25,"b:116:8:122:Infinity:118:15:122:Infinity":26,"s:116:8:122:Infinity":54,"s:119:10:119:Infinity":55,"s:120:10:120:Infinity":56,"b:120:51:120:57:120:57:120:114":27,"s:121:10:121:Infinity":57,"b:121:44:121:52:121:52:121:Infinity":28,"f:130:2:130:11":11,"b:131:4:136:Infinity:133:11:136:Infinity":29,"s:131:4:136:Infinity":58,"s:134:6:134:Infinity":59,"s:135:6:135:Infinity":60,"f:142:2:142:7":12,"b:143:4:161:Infinity:145:11:161:Infinity":30,"s:143:4:161:Infinity":61,"s:146:6:146:Infinity":62,"s:147:20:147:Infinity":63,"b:148:6:156:Infinity:undefined:undefined:undefined:undefined":31,"s:148:6:156:Infinity":64,"b:148:37:148:45:148:45:148:163":32,"b:148:72:148:79:148:79:148:163":33,"b:148:106:148:115:148:115:148:163":34,"b:149:8:155:Infinity:151:15:155:Infinity":35,"s:149:8:155:Infinity":65,"s:152:10:152:Infinity":66,"s:153:10:153:Infinity":67,"b:153:50:153:56:153:56:153:107":36,"s:154:10:154:Infinity":68,"s:159:6:159:Infinity":69,"s:160:6:160:Infinity":70,"f:167:2:167:8":13,"b:168:4:181:Infinity:170:11:181:Infinity":37,"s:168:4:181:Infinity":71,"s:171:6:171:Infinity":72,"s:172:20:172:Infinity":73,"b:173:6:180:Infinity:undefined:undefined:undefined:undefined":38,"s:173:6:180:Infinity":74,"b:173:37:173:45:173:45:173:119":39,"b:173:72:173:80:173:80:173:119":40,"b:174:8:179:Infinity:176:15:179:Infinity":41,"s:174:8:179:Infinity":75,"s:177:10:177:Infinity":76,"s:178:10:178:Infinity":77,"f:187:2:187:7":14,"b:188:4:201:Infinity:190:11:201:Infinity":42,"s:188:4:201:Infinity":78,"s:191:6:191:Infinity":79,"s:192:20:192:Infinity":80,"b:193:6:200:Infinity:undefined:undefined:undefined:undefined":43,"s:193:6:200:Infinity":81,"b:193:37:193:45:193:45:193:119":44,"b:193:72:193:80:193:80:193:119":45,"b:194:8:199:Infinity:196:15:199:Infinity":46,"s:194:8:199:Infinity":82,"s:197:10:197:Infinity":83,"s:198:10:198:Infinity":84,"f:207:2:207:18":15,"b:208:4:220:Infinity:210:11:220:Infinity":47,"s:208:4:220:Infinity":85,"s:211:6:211:Infinity":86,"s:212:6:219:Infinity":87,"f:212:26:212:35":16,"b:213:8:218:Infinity:215:15:218:Infinity":48,"s:213:8:218:Infinity":88,"s:216:10:216:Infinity":89,"s:217:10:217:Infinity":90,"f:228:2:228:12":17,"b:229:4:242:Infinity:231:11:242:Infinity":49,"s:229:4:242:Infinity":91,"s:232:6:232:Infinity":92,"s:233:20:233:Infinity":93,"b:234:6:241:Infinity:undefined:undefined:undefined:undefined":50,"s:234:6:241:Infinity":94,"b:234:37:234:45:234:45:234:119":51,"b:234:72:234:80:234:80:234:119":52,"b:235:8:240:Infinity:237:15:240:Infinity":53,"s:235:8:240:Infinity":95,"s:238:10:238:Infinity":96,"s:239:10:239:Infinity":97,"f:248:2:248:18":18,"b:249:4:264:Infinity:251:11:264:Infinity":54,"s:249:4:264:Infinity":98,"s:252:6:252:Infinity":99,"s:253:6:253:Infinity":100,"s:256:6:263:Infinity":101,"f:256:26:256:35":19,"b:257:8:262:Infinity:259:15:262:Infinity":55,"s:257:8:262:Infinity":102,"s:260:10:260:Infinity":103,"s:261:10:261:Infinity":104,"f:270:2:270:28":20,"b:271:4:276:Infinity:273:11:276:Infinity":56,"s:271:4:276:Infinity":105,"s:274:6:274:Infinity":106,"s:275:6:275:Infinity":107,"f:282:2:282:10":21,"b:283:4:296:Infinity:285:11:296:Infinity":57,"s:283:4:296:Infinity":108,"s:286:6:286:Infinity":109,"s:287:20:287:Infinity":110,"b:288:6:295:Infinity:undefined:undefined:undefined:undefined":58,"s:288:6:295:Infinity":111,"b:288:37:288:45:288:45:288:119":59,"b:288:72:288:80:288:80:288:119":60,"b:289:8:294:Infinity:291:15:294:Infinity":61,"s:289:8:294:Infinity":112,"s:292:10:292:Infinity":113,"s:293:10:293:Infinity":114,"f:302:2:302:9":22,"b:303:4:317:Infinity:305:11:317:Infinity":62,"s:303:4:317:Infinity":115,"s:306:6:306:Infinity":116,"s:307:20:307:Infinity":117,"b:308:6:316:Infinity:undefined:undefined:undefined:undefined":63,"s:308:6:316:Infinity":118,"b:308:37:308:45:308:45:308:119":64,"b:308:72:308:80:308:80:308:119":65,"b:309:8:315:Infinity:311:15:315:Infinity":66,"s:309:8:315:Infinity":119,"s:312:10:312:Infinity":120,"s:313:10:313:Infinity":121,"s:314:10:314:Infinity":122,"f:323:2:323:18":23,"b:324:4:337:Infinity:326:11:337:Infinity":67,"s:324:4:337:Infinity":123,"s:327:6:327:Infinity":124,"s:328:6:335:Infinity":125,"f:328:26:328:35":24,"b:329:8:334:Infinity:331:15:334:Infinity":68,"s:329:8:334:Infinity":126,"s:332:10:332:Infinity":127,"s:333:10:333:Infinity":128,"s:336:6:336:Infinity":129}}}
,"/Users/changjaeyou/Documents/projects/7100_Fly_paper_plane/.stryker-tmp/sandbox-8HwmUe/src/blocks/block4-ui-ux/features/f5-sound-system/music/BackgroundMusic.ts": {"path":"/Users/changjaeyou/Documents/projects/7100_Fly_paper_plane/.stryker-tmp/sandbox-8HwmUe/src/blocks/block4-ui-ux/features/f5-sound-system/music/BackgroundMusic.ts","statementMap":{"0":{"start":{"line":3,"column":10},"end":{"line":3,"column":null}},"1":{"start":{"line":4,"column":11},"end":{"line":4,"column":null}},"2":{"start":{"line":5,"column":2},"end":{"line":7,"column":null}},"3":{"start":{"line":6,"column":4},"end":{"line":6,"column":null}},"4":{"start":{"line":9,"column":4},"end":{"line":9,"column":null}},"5":{"start":{"line":11,"column":2},"end":{"line":11,"column":null}},"6":{"start":{"line":12,"column":2},"end":{"line":12,"column":null}},"7":{"start":{"line":14,"column":0},"end":{"line":14,"column":null}},"8":{"start":{"line":16,"column":11},"end":{"line":16,"column":null}},"9":{"start":{"line":17,"column":12},"end":{"line":20,"column":null}},"10":{"start":{"line":22,"column":12},"end":{"line":22,"column":null}},"11":{"start":{"line":23,"column":4},"end":{"line":25,"column":null}},"12":{"start":{"line":24,"column":6},"end":{"line":24,"column":null}},"13":{"start":{"line":26,"column":12},"end":{"line":26,"column":null}},"14":{"start":{"line":27,"column":4},"end":{"line":29,"column":null}},"15":{"start":{"line":27,"column":17},"end":{"line":27,"column":20}},"16":{"start":{"line":28,"column":6},"end":{"line":28,"column":null}},"17":{"start":{"line":31,"column":2},"end":{"line":31,"column":null}},"18":{"start":{"line":32,"column":2},"end":{"line":32,"column":null}},"19":{"start":{"line":35,"column":11},"end":{"line":35,"column":null}},"20":{"start":{"line":37,"column":4},"end":{"line":42,"column":null}},"21":{"start":{"line":38,"column":6},"end":{"line":40,"column":null}},"22":{"start":{"line":39,"column":8},"end":{"line":39,"column":null}},"23":{"start":{"line":41,"column":6},"end":{"line":41,"column":null}},"24":{"start":{"line":43,"column":4},"end":{"line":43,"column":null}},"25":{"start":{"line":45,"column":2},"end":{"line":45,"column":null}},"26":{"start":{"line":46,"column":2},"end":{"line":46,"column":null}},"27":{"start":{"line":51,"column":33},"end":{"line":51,"column":null}},"28":{"start":{"line":52,"column":37},"end":{"line":52,"column":null}},"29":{"start":{"line":53,"column":34},"end":{"line":53,"column":null}},"30":{"start":{"line":54,"column":38},"end":{"line":54,"column":null}},"31":{"start":{"line":55,"column":33},"end":{"line":55,"column":null}},"32":{"start":{"line":57,"column":40},"end":{"line":57,"column":null}},"33":{"start":{"line":59,"column":4},"end":{"line":64,"column":null}},"34":{"start":{"line":62,"column":6},"end":{"line":62,"column":null}},"35":{"start":{"line":63,"column":6},"end":{"line":63,"column":null}},"36":{"start":{"line":72,"column":4},"end":{"line":78,"column":null}},"37":{"start":{"line":75,"column":6},"end":{"line":75,"column":null}},"38":{"start":{"line":76,"column":22},"end":{"line":76,"column":null}},"39":{"start":{"line":77,"column":6},"end":{"line":77,"column":null}},"40":{"start":{"line":77,"column":63},"end":{"line":77,"column":78}},"41":{"start":{"line":77,"column":153},"end":{"line":77,"column":166}},"42":{"start":{"line":77,"column":199},"end":{"line":77,"column":432}},"43":{"start":{"line":85,"column":4},"end":{"line":93,"column":null}},"44":{"start":{"line":88,"column":6},"end":{"line":88,"column":null}},"45":{"start":{"line":89,"column":6},"end":{"line":89,"column":null}},"46":{"start":{"line":90,"column":6},"end":{"line":90,"column":null}},"47":{"start":{"line":91,"column":6},"end":{"line":91,"column":null}},"48":{"start":{"line":92,"column":6},"end":{"line":92,"column":null}},"49":{"start":{"line":100,"column":4},"end":{"line":108,"column":null}},"50":{"start":{"line":103,"column":6},"end":{"line":103,"column":null}},"51":{"start":{"line":104,"column":6},"end":{"line":104,"column":null}},"52":{"start":{"line":105,"column":6},"end":{"line":105,"column":null}},"53":{"start":{"line":106,"column":6},"end":{"line":106,"column":null}},"54":{"start":{"line":107,"column":6},"end":{"line":107,"column":null}},"55":{"start":{"line":115,"column":4},"end":{"line":127,"column":null}},"56":{"start":{"line":118,"column":6},"end":{"line":118,"column":null}},"57":{"start":{"line":119,"column":6},"end":{"line":126,"column":null}},"58":{"start":{"line":120,"column":8},"end":{"line":125,"column":null}},"59":{"start":{"line":123,"column":10},"end":{"line":123,"column":null}},"60":{"start":{"line":124,"column":10},"end":{"line":124,"column":null}},"61":{"start":{"line":134,"column":4},"end":{"line":141,"column":null}},"62":{"start":{"line":137,"column":6},"end":{"line":137,"column":null}},"63":{"start":{"line":138,"column":6},"end":{"line":138,"column":null}},"64":{"start":{"line":139,"column":6},"end":{"line":139,"column":null}},"65":{"start":{"line":140,"column":6},"end":{"line":140,"column":null}},"66":{"start":{"line":149,"column":4},"end":{"line":155,"column":null}},"67":{"start":{"line":152,"column":6},"end":{"line":152,"column":null}},"68":{"start":{"line":153,"column":6},"end":{"line":153,"column":null}},"69":{"start":{"line":154,"column":6},"end":{"line":154,"column":null}},"70":{"start":{"line":162,"column":4},"end":{"line":167,"column":null}},"71":{"start":{"line":165,"column":6},"end":{"line":165,"column":null}},"72":{"start":{"line":166,"column":6},"end":{"line":166,"column":null}},"73":{"start":{"line":174,"column":4},"end":{"line":179,"column":null}},"74":{"start":{"line":177,"column":6},"end":{"line":177,"column":null}},"75":{"start":{"line":178,"column":6},"end":{"line":178,"column":null}}},"fnMap":{"0":{"name":"stryNS_9fa48","decl":{"start":{"line":2,"column":9},"end":{"line":2,"column":24}},"loc":{"start":{"line":2,"column":24},"end":{"line":13,"column":null}},"line":2},"1":{"name":"retrieveNS","decl":{"start":{"line":8,"column":11},"end":{"line":8,"column":24}},"loc":{"start":{"line":8,"column":24},"end":{"line":10,"column":null}},"line":8},"2":{"name":"stryCov_9fa48","decl":{"start":{"line":15,"column":9},"end":{"line":15,"column":25}},"loc":{"start":{"line":15,"column":25},"end":{"line":33,"column":null}},"line":15},"3":{"name":"cover","decl":{"start":{"line":21,"column":11},"end":{"line":21,"column":19}},"loc":{"start":{"line":21,"column":19},"end":{"line":30,"column":null}},"line":21},"4":{"name":"stryMutAct_9fa48","decl":{"start":{"line":34,"column":9},"end":{"line":34,"column":26}},"loc":{"start":{"line":34,"column":30},"end":{"line":47,"column":null}},"line":34},"5":{"name":"isActive","decl":{"start":{"line":36,"column":11},"end":{"line":36,"column":20}},"loc":{"start":{"line":36,"column":24},"end":{"line":44,"column":null}},"line":36},"6":{"name":"(anonymous_6)","decl":{"start":{"line":58,"column":2},"end":{"line":58,"column":16}},"loc":{"start":{"line":58,"column":16},"end":{"line":65,"column":null}},"line":58},"7":{"name":"(anonymous_7)","decl":{"start":{"line":71,"column":8},"end":{"line":71,"column":36}},"loc":{"start":{"line":71,"column":36},"end":{"line":79,"column":null}},"line":71},"8":{"name":"(anonymous_8)","decl":{"start":{"line":77,"column":53},"end":{"line":77,"column":63}},"loc":{"start":{"line":77,"column":63},"end":{"line":77,"column":78}},"line":77},"9":{"name":"(anonymous_9)","decl":{"start":{"line":77,"column":147},"end":{"line":77,"column":153}},"loc":{"start":{"line":77,"column":153},"end":{"line":77,"column":166}},"line":77},"10":{"name":"(anonymous_10)","decl":{"start":{"line":77,"column":189},"end":{"line":77,"column":199}},"loc":{"start":{"line":77,"column":199},"end":{"line":77,"column":432}},"line":77},"11":{"name":"(anonymous_11)","decl":{"start":{"line":84,"column":2},"end":{"line":84,"column":19}},"loc":{"start":{"line":84,"column":19},"end":{"line":94,"column":null}},"line":84},"12":{"name":"(anonymous_12)","decl":{"start":{"line":99,"column":2},"end":{"line":99,"column":23}},"loc":{"start":{"line":99,"column":23},"end":{"line":109,"column":null}},"line":99},"13":{"name":"(anonymous_13)","decl":{"start":{"line":114,"column":10},"end":{"line":114,"column":30}},"loc":{"start":{"line":114,"column":30},"end":{"line":128,"column":null}},"line":114},"14":{"name":"(anonymous_14)","decl":{"start":{"line":133,"column":2},"end":{"line":133,"column":18}},"loc":{"start":{"line":133,"column":18},"end":{"line":142,"column":null}},"line":133},"15":{"name":"(anonymous_15)","decl":{"start":{"line":148,"column":2},"end":{"line":148,"column":12}},"loc":{"start":{"line":148,"column":34},"end":{"line":156,"column":null}},"line":148},"16":{"name":"(anonymous_16)","decl":{"start":{"line":161,"column":2},"end":{"line":161,"column":35}},"loc":{"start":{"line":161,"column":35},"end":{"line":168,"column":null}},"line":161},"17":{"name":"(anonymous_17)","decl":{"start":{"line":173,"column":2},"end":{"line":173,"column":18}},"loc":{"start":{"line":173,"column":18},"end":{"line":180,"column":null}},"line":173}},"branchMap":{"0":{"loc":{"start":{"line":3,"column":10},"end":{"line":3,"column":null}},"type":"binary-expr","locations":[{"start":{"line":3,"column":10},"end":{"line":3,"column":44}},{"start":{"line":3,"column":44},"end":{"line":3,"column":58}},{"start":{"line":3,"column":58},"end":{"line":3,"column":86}},{"start":{"line":3,"column":86},"end":{"line":3,"column":100}},{"start":{"line":3,"column":100},"end":{"line":3,"column":null}}],"line":3},"1":{"loc":{"start":{"line":4,"column":11},"end":{"line":4,"column":null}},"type":"binary-expr","locations":[{"start":{"line":4,"column":11},"end":{"line":4,"column":29}},{"start":{"line":4,"column":29},"end":{"line":4,"column":null}}],"line":4},"2":{"loc":{"start":{"line":5,"column":2},"end":{"line":7,"column":null}},"type":"if","locations":[{"start":{"line":5,"column":2},"end":{"line":7,"column":null}},{"start":{},"end":{}}],"line":5},"3":{"loc":{"start":{"line":5,"column":6},"end":{"line":5,"column":110}},"type":"binary-expr","locations":[{"start":{"line":5,"column":6},"end":{"line":5,"column":39}},{"start":{"line":5,"column":39},"end":{"line":5,"column":52}},{"start":{"line":5,"column":52},"end":{"line":5,"column":69}},{"start":{"line":5,"column":69},"end":{"line":5,"column":110}}],"line":5},"4":{"loc":{"start":{"line":17,"column":12},"end":{"line":20,"column":null}},"type":"binary-expr","locations":[{"start":{"line":17,"column":12},"end":{"line":17,"column":34}},{"start":{"line":17,"column":34},"end":{"line":20,"column":null}}],"line":17},"5":{"loc":{"start":{"line":23,"column":4},"end":{"line":25,"column":null}},"type":"if","locations":[{"start":{"line":23,"column":4},"end":{"line":25,"column":null}},{"start":{},"end":{}}],"line":23},"6":{"loc":{"start":{"line":24,"column":42},"end":{"line":24,"column":null}},"type":"binary-expr","locations":[{"start":{"line":24,"column":42},"end":{"line":24,"column":75}},{"start":{"line":24,"column":75},"end":{"line":24,"column":null}}],"line":24},"7":{"loc":{"start":{"line":28,"column":17},"end":{"line":28,"column":33}},"type":"binary-expr","locations":[{"start":{"line":28,"column":17},"end":{"line":28,"column":28}},{"start":{"line":28,"column":28},"end":{"line":28,"column":33}}],"line":28},"8":{"loc":{"start":{"line":37,"column":4},"end":{"line":42,"column":null}},"type":"if","locations":[{"start":{"line":37,"column":4},"end":{"line":42,"column":null}},{"start":{},"end":{}}],"line":37},"9":{"loc":{"start":{"line":38,"column":6},"end":{"line":40,"column":null}},"type":"if","locations":[{"start":{"line":38,"column":6},"end":{"line":40,"column":null}},{"start":{},"end":{}}],"line":38},"10":{"loc":{"start":{"line":38,"column":10},"end":{"line":38,"column":65}},"type":"binary-expr","locations":[{"start":{"line":38,"column":10},"end":{"line":38,"column":36}},{"start":{"line":38,"column":36},"end":{"line":38,"column":65}}],"line":38},"11":{"loc":{"start":{"line":51,"column":33},"end":{"line":51,"column":null}},"type":"cond-expr","locations":[{"start":{"line":51,"column":60},"end":{"line":51,"column":66}},{"start":{"line":51,"column":66},"end":{"line":51,"column":null}}],"line":51},"12":{"loc":{"start":{"line":52,"column":37},"end":{"line":52,"column":null}},"type":"cond-expr","locations":[{"start":{"line":52,"column":64},"end":{"line":52,"column":70}},{"start":{"line":52,"column":70},"end":{"line":52,"column":null}}],"line":52},"13":{"loc":{"start":{"line":53,"column":34},"end":{"line":53,"column":null}},"type":"cond-expr","locations":[{"start":{"line":53,"column":61},"end":{"line":53,"column":67}},{"start":{"line":53,"column":67},"end":{"line":53,"column":null}}],"line":53},"14":{"loc":{"start":{"line":54,"column":38},"end":{"line":54,"column":null}},"type":"cond-expr","locations":[{"start":{"line":54,"column":65},"end":{"line":54,"column":71}},{"start":{"line":54,"column":71},"end":{"line":54,"column":null}}],"line":54},"15":{"loc":{"start":{"line":55,"column":33},"end":{"line":55,"column":null}},"type":"cond-expr","locations":[{"start":{"line":55,"column":60},"end":{"line":55,"column":69}},{"start":{"line":55,"column":69},"end":{"line":55,"column":null}}],"line":55},"16":{"loc":{"start":{"line":59,"column":4},"end":{"line":64,"column":null}},"type":"if","locations":[{"start":{"line":59,"column":4},"end":{"line":64,"column":null}},{"start":{"line":61,"column":11},"end":{"line":64,"column":null}}],"line":59},"17":{"loc":{"start":{"line":72,"column":4},"end":{"line":78,"column":null}},"type":"if","locations":[{"start":{"line":72,"column":4},"end":{"line":78,"column":null}},{"start":{"line":74,"column":11},"end":{"line":78,"column":null}}],"line":72},"18":{"loc":{"start":{"line":76,"column":40},"end":{"line":76,"column":285}},"type":"cond-expr","locations":[{"start":{"line":76,"column":67},"end":{"line":76,"column":73}},{"start":{"line":76,"column":73},"end":{"line":76,"column":285}}],"line":76},"19":{"loc":{"start":{"line":77,"column":13},"end":{"line":77,"column":null}},"type":"cond-expr","locations":[{"start":{"line":77,"column":40},"end":{"line":77,"column":83}},{"start":{"line":77,"column":83},"end":{"line":77,"column":null}}],"line":77},"20":{"loc":{"start":{"line":77,"column":120},"end":{"line":77,"column":432}},"type":"cond-expr","locations":[{"start":{"line":77,"column":147},"end":{"line":77,"column":166}},{"start":{"line":77,"column":166},"end":{"line":77,"column":432}}],"line":77},"21":{"loc":{"start":{"line":77,"column":199},"end":{"line":77,"column":432}},"type":"cond-expr","locations":[{"start":{"line":77,"column":226},"end":{"line":77,"column":244}},{"start":{"line":77,"column":244},"end":{"line":77,"column":432}}],"line":77},"22":{"loc":{"start":{"line":77,"column":244},"end":{"line":77,"column":432}},"type":"cond-expr","locations":[{"start":{"line":77,"column":271},"end":{"line":77,"column":279}},{"start":{"line":77,"column":279},"end":{"line":77,"column":432}}],"line":77},"23":{"loc":{"start":{"line":77,"column":279},"end":{"line":77,"column":432}},"type":"cond-expr","locations":[{"start":{"line":77,"column":306},"end":{"line":77,"column":314}},{"start":{"line":77,"column":314},"end":{"line":77,"column":432}}],"line":77},"24":{"loc":{"start":{"line":77,"column":365},"end":{"line":77,"column":432}},"type":"cond-expr","locations":[{"start":{"line":77,"column":392},"end":{"line":77,"column":401}},{"start":{"line":77,"column":401},"end":{"line":77,"column":432}}],"line":77},"25":{"loc":{"start":{"line":85,"column":4},"end":{"line":93,"column":null}},"type":"if","locations":[{"start":{"line":85,"column":4},"end":{"line":93,"column":null}},{"start":{"line":87,"column":11},"end":{"line":93,"column":null}}],"line":85},"26":{"loc":{"start":{"line":100,"column":4},"end":{"line":108,"column":null}},"type":"if","locations":[{"start":{"line":100,"column":4},"end":{"line":108,"column":null}},{"start":{"line":102,"column":11},"end":{"line":108,"column":null}}],"line":100},"27":{"loc":{"start":{"line":115,"column":4},"end":{"line":127,"column":null}},"type":"if","locations":[{"start":{"line":115,"column":4},"end":{"line":127,"column":null}},{"start":{"line":117,"column":11},"end":{"line":127,"column":null}}],"line":115},"28":{"loc":{"start":{"line":119,"column":6},"end":{"line":126,"column":null}},"type":"if","locations":[{"start":{"line":119,"column":6},"end":{"line":126,"column":null}},{"start":{},"end":{}}],"line":119},"29":{"loc":{"start":{"line":119,"column":10},"end":{"line":119,"column":131}},"type":"cond-expr","locations":[{"start":{"line":119,"column":37},"end":{"line":119,"column":45}},{"start":{"line":119,"column":45},"end":{"line":119,"column":131}}],"line":119},"30":{"loc":{"start":{"line":119,"column":45},"end":{"line":119,"column":131}},"type":"cond-expr","locations":[{"start":{"line":119,"column":72},"end":{"line":119,"column":80}},{"start":{"line":119,"column":80},"end":{"line":119,"column":131}}],"line":119},"31":{"loc":{"start":{"line":120,"column":8},"end":{"line":125,"column":null}},"type":"if","locations":[{"start":{"line":120,"column":8},"end":{"line":125,"column":null}},{"start":{"line":122,"column":15},"end":{"line":125,"column":null}}],"line":120},"32":{"loc":{"start":{"line":134,"column":4},"end":{"line":141,"column":null}},"type":"if","locations":[{"start":{"line":134,"column":4},"end":{"line":141,"column":null}},{"start":{"line":136,"column":11},"end":{"line":141,"column":null}}],"line":134},"33":{"loc":{"start":{"line":149,"column":4},"end":{"line":155,"column":null}},"type":"if","locations":[{"start":{"line":149,"column":4},"end":{"line":155,"column":null}},{"start":{"line":151,"column":11},"end":{"line":155,"column":null}}],"line":149},"34":{"loc":{"start":{"line":162,"column":4},"end":{"line":167,"column":null}},"type":"if","locations":[{"start":{"line":162,"column":4},"end":{"line":167,"column":null}},{"start":{"line":164,"column":11},"end":{"line":167,"column":null}}],"line":162},"35":{"loc":{"start":{"line":174,"column":4},"end":{"line":179,"column":null}},"type":"if","locations":[{"start":{"line":174,"column":4},"end":{"line":179,"column":null}},{"start":{"line":176,"column":11},"end":{"line":179,"column":null}}],"line":174}},"s":{"0":1,"1":1,"2":1,"3":0,"4":3,"5":1,"6":1,"7":1,"8":1,"9":1,"10":185,"11":185,"12":0,"13":185,"14":185,"15":185,"16":253,"17":1,"18":1,"19":1,"20":253,"21":0,"22":0,"23":0,"24":253,"25":1,"26":1,"27":1,"28":1,"29":1,"30":1,"31":1,"32":21,"33":21,"34":21,"35":21,"36":14,"37":14,"38":14,"39":14,"40":0,"41":0,"42":28,"43":7,"44":7,"45":7,"46":7,"47":7,"48":7,"49":5,"50":5,"51":5,"52":5,"53":5,"54":5,"55":12,"56":12,"57":12,"58":3,"59":3,"60":3,"61":2,"62":2,"63":2,"64":2,"65":2,"66":1,"67":1,"68":1,"69":1,"70":4,"71":4,"72":4,"73":1,"74":1,"75":1},"f":{"0":1,"1":3,"2":1,"3":185,"4":1,"5":253,"6":21,"7":14,"8":0,"9":0,"10":28,"11":7,"12":5,"13":12,"14":2,"15":1,"16":4,"17":1},"b":{"0":[1,1,1,1,0],"1":[1,1],"2":[0,1],"3":[1,1,1,1],"4":[1,1],"5":[0,185],"6":[0,0],"7":[253,24],"8":[0,253],"9":[0,0],"10":[0,0],"11":[0,1],"12":[0,1],"13":[0,1],"14":[0,1],"15":[0,1],"16":[0,21],"17":[0,14],"18":[0,14],"19":[0,14],"20":[0,14],"21":[0,28],"22":[0,28],"23":[0,28],"24":[0,28],"25":[0,7],"26":[0,5],"27":[0,12],"28":[3,9],"29":[0,12],"30":[0,12],"31":[0,3],"32":[0,2],"33":[0,1],"34":[0,4],"35":[0,1]},"meta":{"lastBranch":36,"lastFunction":18,"lastStatement":76,"seen":{"f:2:9:2:24":0,"s:3:10:3:Infinity":0,"b:3:10:3:44:3:44:3:58:3:58:3:86:3:86:3:100:3:100:3:Infinity":0,"s:4:11:4:Infinity":1,"b:4:11:4:29:4:29:4:Infinity":1,"b:5:2:7:Infinity:undefined:undefined:undefined:undefined":2,"s:5:2:7:Infinity":2,"b:5:6:5:39:5:39:5:52:5:52:5:69:5:69:5:110":3,"s:6:4:6:Infinity":3,"f:8:11:8:24":1,"s:9:4:9:Infinity":4,"s:11:2:11:Infinity":5,"s:12:2:12:Infinity":6,"s:14:0:14:Infinity":7,"f:15:9:15:25":2,"s:16:11:16:Infinity":8,"s:17:12:20:Infinity":9,"b:17:12:17:34:17:34:20:Infinity":4,"f:21:11:21:19":3,"s:22:12:22:Infinity":10,"b:23:4:25:Infinity:undefined:undefined:undefined:undefined":5,"s:23:4:25:Infinity":11,"s:24:6:24:Infinity":12,"b:24:42:24:75:24:75:24:Infinity":6,"s:26:12:26:Infinity":13,"s:27:4:29:Infinity":14,"s:27:17:27:20":15,"s:28:6:28:Infinity":16,"b:28:17:28:28:28:28:28:33":7,"s:31:2:31:Infinity":17,"s:32:2:32:Infinity":18,"f:34:9:34:26":4,"s:35:11:35:Infinity":19,"f:36:11:36:20":5,"b:37:4:42:Infinity:undefined:undefined:undefined:undefined":8,"s:37:4:42:Infinity":20,"b:38:6:40:Infinity:undefined:undefined:undefined:undefined":9,"s:38:6:40:Infinity":21,"b:38:10:38:36:38:36:38:65":10,"s:39:8:39:Infinity":22,"s:41:6:41:Infinity":23,"s:43:4:43:Infinity":24,"s:45:2:45:Infinity":25,"s:46:2:46:Infinity":26,"s:51:33:51:Infinity":27,"s:52:37:52:Infinity":28,"s:53:34:53:Infinity":29,"s:54:38:54:Infinity":30,"s:55:33:55:Infinity":31,"s:57:40:57:Infinity":32,"b:51:60:51:66:51:66:51:Infinity":11,"b:52:64:52:70:52:70:52:Infinity":12,"b:53:61:53:67:53:67:53:Infinity":13,"b:54:65:54:71:54:71:54:Infinity":14,"b:55:60:55:69:55:69:55:Infinity":15,"f:58:2:58:16":6,"b:59:4:64:Infinity:61:11:64:Infinity":16,"s:59:4:64:Infinity":33,"s:62:6:62:Infinity":34,"s:63:6:63:Infinity":35,"f:71:8:71:36":7,"b:72:4:78:Infinity:74:11:78:Infinity":17,"s:72:4:78:Infinity":36,"s:75:6:75:Infinity":37,"s:76:22:76:Infinity":38,"b:76:67:76:73:76:73:76:285":18,"s:77:6:77:Infinity":39,"b:77:40:77:83:77:83:77:Infinity":19,"f:77:53:77:63":8,"s:77:63:77:78":40,"b:77:147:77:166:77:166:77:432":20,"f:77:147:77:153":9,"s:77:153:77:166":41,"f:77:189:77:199":10,"s:77:199:77:432":42,"b:77:226:77:244:77:244:77:432":21,"b:77:271:77:279:77:279:77:432":22,"b:77:306:77:314:77:314:77:432":23,"b:77:392:77:401:77:401:77:432":24,"f:84:2:84:19":11,"b:85:4:93:Infinity:87:11:93:Infinity":25,"s:85:4:93:Infinity":43,"s:88:6:88:Infinity":44,"s:89:6:89:Infinity":45,"s:90:6:90:Infinity":46,"s:91:6:91:Infinity":47,"s:92:6:92:Infinity":48,"f:99:2:99:23":12,"b:100:4:108:Infinity:102:11:108:Infinity":26,"s:100:4:108:Infinity":49,"s:103:6:103:Infinity":50,"s:104:6:104:Infinity":51,"s:105:6:105:Infinity":52,"s:106:6:106:Infinity":53,"s:107:6:107:Infinity":54,"f:114:10:114:30":13,"b:115:4:127:Infinity:117:11:127:Infinity":27,"s:115:4:127:Infinity":55,"s:118:6:118:Infinity":56,"b:119:6:126:Infinity:undefined:undefined:undefined:undefined":28,"s:119:6:126:Infinity":57,"b:119:37:119:45:119:45:119:131":29,"b:119:72:119:80:119:80:119:131":30,"b:120:8:125:Infinity:122:15:125:Infinity":31,"s:120:8:125:Infinity":58,"s:123:10:123:Infinity":59,"s:124:10:124:Infinity":60,"f:133:2:133:18":14,"b:134:4:141:Infinity:136:11:141:Infinity":32,"s:134:4:141:Infinity":61,"s:137:6:137:Infinity":62,"s:138:6:138:Infinity":63,"s:139:6:139:Infinity":64,"s:140:6:140:Infinity":65,"f:148:2:148:12":15,"b:149:4:155:Infinity:151:11:155:Infinity":33,"s:149:4:155:Infinity":66,"s:152:6:152:Infinity":67,"s:153:6:153:Infinity":68,"s:154:6:154:Infinity":69,"f:161:2:161:35":16,"b:162:4:167:Infinity:164:11:167:Infinity":34,"s:162:4:167:Infinity":70,"s:165:6:165:Infinity":71,"s:166:6:166:Infinity":72,"f:173:2:173:18":17,"b:174:4:179:Infinity:176:11:179:Infinity":35,"s:174:4:179:Infinity":73,"s:177:6:177:Infinity":74,"s:178:6:178:Infinity":75}}}
,"/Users/changjaeyou/Documents/projects/7100_Fly_paper_plane/.stryker-tmp/sandbox-8HwmUe/src/blocks/block4-ui-ux/features/f5-sound-system/sfx/SoundEffects.ts": {"path":"/Users/changjaeyou/Documents/projects/7100_Fly_paper_plane/.stryker-tmp/sandbox-8HwmUe/src/blocks/block4-ui-ux/features/f5-sound-system/sfx/SoundEffects.ts","statementMap":{"0":{"start":{"line":3,"column":10},"end":{"line":3,"column":null}},"1":{"start":{"line":4,"column":11},"end":{"line":4,"column":null}},"2":{"start":{"line":5,"column":2},"end":{"line":7,"column":null}},"3":{"start":{"line":6,"column":4},"end":{"line":6,"column":null}},"4":{"start":{"line":9,"column":4},"end":{"line":9,"column":null}},"5":{"start":{"line":11,"column":2},"end":{"line":11,"column":null}},"6":{"start":{"line":12,"column":2},"end":{"line":12,"column":null}},"7":{"start":{"line":14,"column":0},"end":{"line":14,"column":null}},"8":{"start":{"line":16,"column":11},"end":{"line":16,"column":null}},"9":{"start":{"line":17,"column":12},"end":{"line":20,"column":null}},"10":{"start":{"line":22,"column":12},"end":{"line":22,"column":null}},"11":{"start":{"line":23,"column":4},"end":{"line":25,"column":null}},"12":{"start":{"line":24,"column":6},"end":{"line":24,"column":null}},"13":{"start":{"line":26,"column":12},"end":{"line":26,"column":null}},"14":{"start":{"line":27,"column":4},"end":{"line":29,"column":null}},"15":{"start":{"line":27,"column":17},"end":{"line":27,"column":20}},"16":{"start":{"line":28,"column":6},"end":{"line":28,"column":null}},"17":{"start":{"line":31,"column":2},"end":{"line":31,"column":null}},"18":{"start":{"line":32,"column":2},"end":{"line":32,"column":null}},"19":{"start":{"line":35,"column":11},"end":{"line":35,"column":null}},"20":{"start":{"line":37,"column":4},"end":{"line":42,"column":null}},"21":{"start":{"line":38,"column":6},"end":{"line":40,"column":null}},"22":{"start":{"line":39,"column":8},"end":{"line":39,"column":null}},"23":{"start":{"line":41,"column":6},"end":{"line":41,"column":null}},"24":{"start":{"line":43,"column":4},"end":{"line":43,"column":null}},"25":{"start":{"line":45,"column":2},"end":{"line":45,"column":null}},"26":{"start":{"line":46,"column":2},"end":{"line":46,"column":null}},"27":{"start":{"line":51,"column":37},"end":{"line":51,"column":null}},"28":{"start":{"line":52,"column":35},"end":{"line":52,"column":null}},"29":{"start":{"line":53,"column":34},"end":{"line":53,"column":null}},"30":{"start":{"line":54,"column":35},"end":{"line":54,"column":null}},"31":{"start":{"line":55,"column":39},"end":{"line":55,"column":null}},"32":{"start":{"line":56,"column":38},"end":{"line":56,"column":null}},"33":{"start":{"line":57,"column":36},"end":{"line":57,"column":null}},"34":{"start":{"line":58,"column":35},"end":{"line":58,"column":null}},"35":{"start":{"line":59,"column":36},"end":{"line":59,"column":null}},"36":{"start":{"line":60,"column":40},"end":{"line":60,"column":null}},"37":{"start":{"line":63,"column":43},"end":{"line":63,"column":null}},"38":{"start":{"line":66,"column":4},"end":{"line":71,"column":null}},"39":{"start":{"line":69,"column":6},"end":{"line":69,"column":null}},"40":{"start":{"line":70,"column":6},"end":{"line":70,"column":null}},"41":{"start":{"line":79,"column":4},"end":{"line":85,"column":null}},"42":{"start":{"line":82,"column":6},"end":{"line":82,"column":null}},"43":{"start":{"line":83,"column":22},"end":{"line":83,"column":null}},"44":{"start":{"line":84,"column":6},"end":{"line":84,"column":null}},"45":{"start":{"line":84,"column":63},"end":{"line":84,"column":78}},"46":{"start":{"line":84,"column":153},"end":{"line":84,"column":166}},"47":{"start":{"line":84,"column":199},"end":{"line":84,"column":432}},"48":{"start":{"line":92,"column":4},"end":{"line":97,"column":null}},"49":{"start":{"line":95,"column":6},"end":{"line":95,"column":null}},"50":{"start":{"line":96,"column":6},"end":{"line":96,"column":null}},"51":{"start":{"line":104,"column":4},"end":{"line":109,"column":null}},"52":{"start":{"line":107,"column":6},"end":{"line":107,"column":null}},"53":{"start":{"line":108,"column":6},"end":{"line":108,"column":null}},"54":{"start":{"line":116,"column":4},"end":{"line":121,"column":null}},"55":{"start":{"line":119,"column":6},"end":{"line":119,"column":null}},"56":{"start":{"line":120,"column":6},"end":{"line":120,"column":null}},"57":{"start":{"line":128,"column":4},"end":{"line":133,"column":null}},"58":{"start":{"line":131,"column":6},"end":{"line":131,"column":null}},"59":{"start":{"line":132,"column":6},"end":{"line":132,"column":null}},"60":{"start":{"line":140,"column":4},"end":{"line":145,"column":null}},"61":{"start":{"line":143,"column":6},"end":{"line":143,"column":null}},"62":{"start":{"line":144,"column":6},"end":{"line":144,"column":null}},"63":{"start":{"line":152,"column":4},"end":{"line":157,"column":null}},"64":{"start":{"line":155,"column":6},"end":{"line":155,"column":null}},"65":{"start":{"line":156,"column":6},"end":{"line":156,"column":null}},"66":{"start":{"line":164,"column":4},"end":{"line":169,"column":null}},"67":{"start":{"line":167,"column":6},"end":{"line":167,"column":null}},"68":{"start":{"line":168,"column":6},"end":{"line":168,"column":null}},"69":{"start":{"line":176,"column":4},"end":{"line":188,"column":null}},"70":{"start":{"line":179,"column":6},"end":{"line":179,"column":null}},"71":{"start":{"line":180,"column":6},"end":{"line":187,"column":null}},"72":{"start":{"line":181,"column":8},"end":{"line":186,"column":null}},"73":{"start":{"line":184,"column":10},"end":{"line":184,"column":null}},"74":{"start":{"line":185,"column":10},"end":{"line":185,"column":null}},"75":{"start":{"line":196,"column":4},"end":{"line":208,"column":null}},"76":{"start":{"line":199,"column":6},"end":{"line":199,"column":null}},"77":{"start":{"line":200,"column":6},"end":{"line":207,"column":null}},"78":{"start":{"line":201,"column":8},"end":{"line":206,"column":null}},"79":{"start":{"line":204,"column":10},"end":{"line":204,"column":null}},"80":{"start":{"line":205,"column":10},"end":{"line":205,"column":null}},"81":{"start":{"line":215,"column":4},"end":{"line":220,"column":null}},"82":{"start":{"line":218,"column":6},"end":{"line":218,"column":null}},"83":{"start":{"line":219,"column":6},"end":{"line":219,"column":null}}},"fnMap":{"0":{"name":"stryNS_9fa48","decl":{"start":{"line":2,"column":9},"end":{"line":2,"column":24}},"loc":{"start":{"line":2,"column":24},"end":{"line":13,"column":null}},"line":2},"1":{"name":"retrieveNS","decl":{"start":{"line":8,"column":11},"end":{"line":8,"column":24}},"loc":{"start":{"line":8,"column":24},"end":{"line":10,"column":null}},"line":8},"2":{"name":"stryCov_9fa48","decl":{"start":{"line":15,"column":9},"end":{"line":15,"column":25}},"loc":{"start":{"line":15,"column":25},"end":{"line":33,"column":null}},"line":15},"3":{"name":"cover","decl":{"start":{"line":21,"column":11},"end":{"line":21,"column":19}},"loc":{"start":{"line":21,"column":19},"end":{"line":30,"column":null}},"line":21},"4":{"name":"stryMutAct_9fa48","decl":{"start":{"line":34,"column":9},"end":{"line":34,"column":26}},"loc":{"start":{"line":34,"column":30},"end":{"line":47,"column":null}},"line":34},"5":{"name":"isActive","decl":{"start":{"line":36,"column":11},"end":{"line":36,"column":20}},"loc":{"start":{"line":36,"column":24},"end":{"line":44,"column":null}},"line":36},"6":{"name":"(anonymous_6)","decl":{"start":{"line":65,"column":2},"end":{"line":65,"column":16}},"loc":{"start":{"line":65,"column":16},"end":{"line":72,"column":null}},"line":65},"7":{"name":"(anonymous_7)","decl":{"start":{"line":78,"column":8},"end":{"line":78,"column":36}},"loc":{"start":{"line":78,"column":36},"end":{"line":86,"column":null}},"line":78},"8":{"name":"(anonymous_8)","decl":{"start":{"line":84,"column":53},"end":{"line":84,"column":63}},"loc":{"start":{"line":84,"column":63},"end":{"line":84,"column":78}},"line":84},"9":{"name":"(anonymous_9)","decl":{"start":{"line":84,"column":147},"end":{"line":84,"column":153}},"loc":{"start":{"line":84,"column":153},"end":{"line":84,"column":166}},"line":84},"10":{"name":"(anonymous_10)","decl":{"start":{"line":84,"column":189},"end":{"line":84,"column":199}},"loc":{"start":{"line":84,"column":199},"end":{"line":84,"column":432}},"line":84},"11":{"name":"(anonymous_11)","decl":{"start":{"line":91,"column":2},"end":{"line":91,"column":21}},"loc":{"start":{"line":91,"column":21},"end":{"line":98,"column":null}},"line":91},"12":{"name":"(anonymous_12)","decl":{"start":{"line":103,"column":2},"end":{"line":103,"column":19}},"loc":{"start":{"line":103,"column":19},"end":{"line":110,"column":null}},"line":103},"13":{"name":"(anonymous_13)","decl":{"start":{"line":115,"column":2},"end":{"line":115,"column":24}},"loc":{"start":{"line":115,"column":24},"end":{"line":122,"column":null}},"line":115},"14":{"name":"(anonymous_14)","decl":{"start":{"line":127,"column":2},"end":{"line":127,"column":25}},"loc":{"start":{"line":127,"column":25},"end":{"line":134,"column":null}},"line":127},"15":{"name":"(anonymous_15)","decl":{"start":{"line":139,"column":2},"end":{"line":139,"column":28}},"loc":{"start":{"line":139,"column":28},"end":{"line":146,"column":null}},"line":139},"16":{"name":"(anonymous_16)","decl":{"start":{"line":151,"column":2},"end":{"line":151,"column":21}},"loc":{"start":{"line":151,"column":21},"end":{"line":158,"column":null}},"line":151},"17":{"name":"(anonymous_17)","decl":{"start":{"line":163,"column":2},"end":{"line":163,"column":19}},"loc":{"start":{"line":163,"column":19},"end":{"line":170,"column":null}},"line":163},"18":{"name":"(anonymous_18)","decl":{"start":{"line":175,"column":2},"end":{"line":175,"column":18}},"loc":{"start":{"line":175,"column":18},"end":{"line":189,"column":null}},"line":175},"19":{"name":"(anonymous_19)","decl":{"start":{"line":180,"column":42},"end":{"line":180,"column":49}},"loc":{"start":{"line":180,"column":49},"end":{"line":187,"column":7}},"line":180},"20":{"name":"(anonymous_20)","decl":{"start":{"line":195,"column":2},"end":{"line":195,"column":12}},"loc":{"start":{"line":195,"column":34},"end":{"line":209,"column":null}},"line":195},"21":{"name":"(anonymous_21)","decl":{"start":{"line":200,"column":42},"end":{"line":200,"column":49}},"loc":{"start":{"line":200,"column":49},"end":{"line":207,"column":7}},"line":200},"22":{"name":"(anonymous_22)","decl":{"start":{"line":214,"column":2},"end":{"line":214,"column":18}},"loc":{"start":{"line":214,"column":18},"end":{"line":221,"column":null}},"line":214}},"branchMap":{"0":{"loc":{"start":{"line":3,"column":10},"end":{"line":3,"column":null}},"type":"binary-expr","locations":[{"start":{"line":3,"column":10},"end":{"line":3,"column":44}},{"start":{"line":3,"column":44},"end":{"line":3,"column":58}},{"start":{"line":3,"column":58},"end":{"line":3,"column":86}},{"start":{"line":3,"column":86},"end":{"line":3,"column":100}},{"start":{"line":3,"column":100},"end":{"line":3,"column":null}}],"line":3},"1":{"loc":{"start":{"line":4,"column":11},"end":{"line":4,"column":null}},"type":"binary-expr","locations":[{"start":{"line":4,"column":11},"end":{"line":4,"column":29}},{"start":{"line":4,"column":29},"end":{"line":4,"column":null}}],"line":4},"2":{"loc":{"start":{"line":5,"column":2},"end":{"line":7,"column":null}},"type":"if","locations":[{"start":{"line":5,"column":2},"end":{"line":7,"column":null}},{"start":{},"end":{}}],"line":5},"3":{"loc":{"start":{"line":5,"column":6},"end":{"line":5,"column":110}},"type":"binary-expr","locations":[{"start":{"line":5,"column":6},"end":{"line":5,"column":39}},{"start":{"line":5,"column":39},"end":{"line":5,"column":52}},{"start":{"line":5,"column":52},"end":{"line":5,"column":69}},{"start":{"line":5,"column":69},"end":{"line":5,"column":110}}],"line":5},"4":{"loc":{"start":{"line":17,"column":12},"end":{"line":20,"column":null}},"type":"binary-expr","locations":[{"start":{"line":17,"column":12},"end":{"line":17,"column":34}},{"start":{"line":17,"column":34},"end":{"line":20,"column":null}}],"line":17},"5":{"loc":{"start":{"line":23,"column":4},"end":{"line":25,"column":null}},"type":"if","locations":[{"start":{"line":23,"column":4},"end":{"line":25,"column":null}},{"start":{},"end":{}}],"line":23},"6":{"loc":{"start":{"line":24,"column":42},"end":{"line":24,"column":null}},"type":"binary-expr","locations":[{"start":{"line":24,"column":42},"end":{"line":24,"column":75}},{"start":{"line":24,"column":75},"end":{"line":24,"column":null}}],"line":24},"7":{"loc":{"start":{"line":28,"column":17},"end":{"line":28,"column":33}},"type":"binary-expr","locations":[{"start":{"line":28,"column":17},"end":{"line":28,"column":28}},{"start":{"line":28,"column":28},"end":{"line":28,"column":33}}],"line":28},"8":{"loc":{"start":{"line":37,"column":4},"end":{"line":42,"column":null}},"type":"if","locations":[{"start":{"line":37,"column":4},"end":{"line":42,"column":null}},{"start":{},"end":{}}],"line":37},"9":{"loc":{"start":{"line":38,"column":6},"end":{"line":40,"column":null}},"type":"if","locations":[{"start":{"line":38,"column":6},"end":{"line":40,"column":null}},{"start":{},"end":{}}],"line":38},"10":{"loc":{"start":{"line":38,"column":10},"end":{"line":38,"column":65}},"type":"binary-expr","locations":[{"start":{"line":38,"column":10},"end":{"line":38,"column":36}},{"start":{"line":38,"column":36},"end":{"line":38,"column":65}}],"line":38},"11":{"loc":{"start":{"line":51,"column":37},"end":{"line":51,"column":null}},"type":"cond-expr","locations":[{"start":{"line":51,"column":64},"end":{"line":51,"column":70}},{"start":{"line":51,"column":70},"end":{"line":51,"column":null}}],"line":51},"12":{"loc":{"start":{"line":52,"column":35},"end":{"line":52,"column":null}},"type":"cond-expr","locations":[{"start":{"line":52,"column":62},"end":{"line":52,"column":68}},{"start":{"line":52,"column":68},"end":{"line":52,"column":null}}],"line":52},"13":{"loc":{"start":{"line":53,"column":34},"end":{"line":53,"column":null}},"type":"cond-expr","locations":[{"start":{"line":53,"column":61},"end":{"line":53,"column":67}},{"start":{"line":53,"column":67},"end":{"line":53,"column":null}}],"line":53},"14":{"loc":{"start":{"line":54,"column":35},"end":{"line":54,"column":null}},"type":"cond-expr","locations":[{"start":{"line":54,"column":62},"end":{"line":54,"column":68}},{"start":{"line":54,"column":68},"end":{"line":54,"column":null}}],"line":54},"15":{"loc":{"start":{"line":55,"column":39},"end":{"line":55,"column":null}},"type":"cond-expr","locations":[{"start":{"line":55,"column":66},"end":{"line":55,"column":72}},{"start":{"line":55,"column":72},"end":{"line":55,"column":null}}],"line":55},"16":{"loc":{"start":{"line":56,"column":38},"end":{"line":56,"column":null}},"type":"cond-expr","locations":[{"start":{"line":56,"column":65},"end":{"line":56,"column":71}},{"start":{"line":56,"column":71},"end":{"line":56,"column":null}}],"line":56},"17":{"loc":{"start":{"line":57,"column":36},"end":{"line":57,"column":null}},"type":"cond-expr","locations":[{"start":{"line":57,"column":63},"end":{"line":57,"column":69}},{"start":{"line":57,"column":69},"end":{"line":57,"column":null}}],"line":57},"18":{"loc":{"start":{"line":58,"column":35},"end":{"line":58,"column":null}},"type":"cond-expr","locations":[{"start":{"line":58,"column":62},"end":{"line":58,"column":68}},{"start":{"line":58,"column":68},"end":{"line":58,"column":null}}],"line":58},"19":{"loc":{"start":{"line":59,"column":36},"end":{"line":59,"column":null}},"type":"cond-expr","locations":[{"start":{"line":59,"column":63},"end":{"line":59,"column":69}},{"start":{"line":59,"column":69},"end":{"line":59,"column":null}}],"line":59},"20":{"loc":{"start":{"line":60,"column":40},"end":{"line":60,"column":null}},"type":"cond-expr","locations":[{"start":{"line":60,"column":67},"end":{"line":60,"column":73}},{"start":{"line":60,"column":73},"end":{"line":60,"column":null}}],"line":60},"21":{"loc":{"start":{"line":63,"column":43},"end":{"line":63,"column":null}},"type":"cond-expr","locations":[{"start":{"line":63,"column":70},"end":{"line":63,"column":76}},{"start":{"line":63,"column":76},"end":{"line":63,"column":null}}],"line":63},"22":{"loc":{"start":{"line":66,"column":4},"end":{"line":71,"column":null}},"type":"if","locations":[{"start":{"line":66,"column":4},"end":{"line":71,"column":null}},{"start":{"line":68,"column":11},"end":{"line":71,"column":null}}],"line":66},"23":{"loc":{"start":{"line":79,"column":4},"end":{"line":85,"column":null}},"type":"if","locations":[
[...]
umn":37},"end":{"line":5,"column":null}},"1":{"start":{"line":6,"column":35},"end":{"line":6,"column":null}},"2":{"start":{"line":7,"column":34},"end":{"line":7,"column":null}},"3":{"start":{"line":8,"column":35},"end":{"line":8,"column":null}},"4":{"start":{"line":9,"column":39},"end":{"line":9,"column":null}},"5":{"start":{"line":11,"column":38},"end":{"line":11,"column":null}},"6":{"start":{"line":12,"column":36},"end":{"line":12,"column":null}},"7":{"start":{"line":13,"column":35},"end":{"line":13,"column":null}},"8":{"start":{"line":14,"column":36},"end":{"line":14,"column":null}},"9":{"start":{"line":15,"column":40},"end":{"line":15,"column":null}},"10":{"start":{"line":18,"column":43},"end":{"line":24,"column":null}},"11":{"start":{"line":29,"column":4},"end":{"line":29,"column":null}},"12":{"start":{"line":37,"column":20},"end":{"line":43,"column":null}},"13":{"start":{"line":45,"column":4},"end":{"line":45,"column":null}},"14":{"start":{"line":45,"column":37},"end":{"line":45,"column":52}},"15":{"start":{"line":52,"column":4},"end":{"line":52,"column":null}},"16":{"start":{"line":59,"column":4},"end":{"line":59,"column":null}},"17":{"start":{"line":66,"column":4},"end":{"line":66,"column":null}},"18":{"start":{"line":73,"column":4},"end":{"line":73,"column":null}},"19":{"start":{"line":80,"column":4},"end":{"line":80,"column":null}},"20":{"start":{"line":87,"column":4},"end":{"line":87,"column":null}},"21":{"start":{"line":94,"column":4},"end":{"line":94,"column":null}},"22":{"start":{"line":101,"column":4},"end":{"line":103,"column":null}},"23":{"start":{"line":102,"column":6},"end":{"line":102,"column":null}},"24":{"start":{"line":111,"column":4},"end":{"line":113,"column":null}},"25":{"start":{"line":112,"column":6},"end":{"line":112,"column":null}},"26":{"start":{"line":120,"column":4},"end":{"line":120,"column":null}}},"fnMap":{"0":{"name":"(anonymous_0)","decl":{"start":{"line":28,"column":2},"end":{"line":28,"column":16}},"loc":{"start":{"line":28,"column":16},"end":{"line":30,"column":null}},"line":28},"1":{"name":"(anonymous_1)","decl":{"start":{"line":36,"column":8},"end":{"line":36,"column":36}},"loc":{"start":{"line":36,"column":36},"end":{"line":46,"column":null}},"line":36},"2":{"name":"(anonymous_2)","decl":{"start":{"line":45,"column":25},"end":{"line":45,"column":26}},"loc":{"start":{"line":45,"column":37},"end":{"line":45,"column":52}},"line":45},"3":{"name":"(anonymous_3)","decl":{"start":{"line":51,"column":2},"end":{"line":51,"column":21}},"loc":{"start":{"line":51,"column":21},"end":{"line":53,"column":null}},"line":51},"4":{"name":"(anonymous_4)","decl":{"start":{"line":58,"column":2},"end":{"line":58,"column":19}},"loc":{"start":{"line":58,"column":19},"end":{"line":60,"column":null}},"line":58},"5":{"name":"(anonymous_5)","decl":{"start":{"line":65,"column":2},"end":{"line":65,"column":24}},"loc":{"start":{"line":65,"column":24},"end":{"line":67,"column":null}},"line":65},"6":{"name":"(anonymous_6)","decl":{"start":{"line":72,"column":2},"end":{"line":72,"column":25}},"loc":{"start":{"line":72,"column":25},"end":{"line":74,"column":null}},"line":72},"7":{"name":"(anonymous_7)","decl":{"start":{"line":79,"column":2},"end":{"line":79,"column":28}},"loc":{"start":{"line":79,"column":28},"end":{"line":81,"column":null}},"line":79},"8":{"name":"(anonymous_8)","decl":{"start":{"line":86,"column":2},"end":{"line":86,"column":21}},"loc":{"start":{"line":86,"column":21},"end":{"line":88,"column":null}},"line":86},"9":{"name":"(anonymous_9)","decl":{"start":{"line":93,"column":2},"end":{"line":93,"column":19}},"loc":{"start":{"line":93,"column":19},"end":{"line":95,"column":null}},"line":93},"10":{"name":"(anonymous_10)","decl":{"start":{"line":100,"column":2},"end":{"line":100,"column":18}},"loc":{"start":{"line":100,"column":18},"end":{"line":104,"column":null}},"line":100},"11":{"name":"(anonymous_11)","decl":{"start":{"line":101,"column":40},"end":{"line":101,"column":41}},"loc":{"start":{"line":101,"column":49},"end":{"line":103,"column":5}},"line":101},"12":{"name":"(anonymous_12)","decl":{"start":{"line":110,"column":2},"end":{"line":110,"column":12}},"loc":{"start":{"line":110,"column":34},"end":{"line":114,"column":null}},"line":110},"13":{"name":"(anonymous_13)","decl":{"start":{"line":111,"column":40},"end":{"line":111,"column":41}},"loc":{"start":{"line":111,"column":49},"end":{"line":113,"column":5}},"line":111},"14":{"name":"(anonymous_14)","decl":{"start":{"line":119,"column":2},"end":{"line":119,"column":18}},"loc":{"start":{"line":119,"column":18},"end":{"line":121,"column":null}},"line":119}},"branchMap":{},"s":{"0":2,"1":2,"2":2,"3":2,"4":2,"5":2,"6":2,"7":2,"8":2,"9":2,"10":2,"11":45,"12":21,"13":21,"14":103,"15":4,"16":4,"17":3,"18":1,"19":1,"20":1,"21":1,"22":2,"23":10,"24":2,"25":10,"26":3},"f":{"0":45,"1":21,"2":103,"3":4,"4":4,"5":3,"6":1,"7":1,"8":1,"9":1,"10":2,"11":10,"12":2,"13":10,"14":3},"b":{},"meta":{"lastBranch":0,"lastFunction":15,"lastStatement":27,"seen":{"s:5:37:5:Infinity":0,"s:6:35:6:Infinity":1,"s:7:34:7:Infinity":2,"s:8:35:8:Infinity":3,"s:9:39:9:Infinity":4,"s:11:38:11:Infinity":5,"s:12:36:12:Infinity":6,"s:13:35:13:Infinity":7,"s:14:36:14:Infinity":8,"s:15:40:15:Infinity":9,"s:18:43:24:Infinity":10,"f:28:2:28:16":0,"s:29:4:29:Infinity":11,"f:36:8:36:36":1,"s:37:20:43:Infinity":12,"s:45:4:45:Infinity":13,"f:45:25:45:26":2,"s:45:37:45:52":14,"f:51:2:51:21":3,"s:52:4:52:Infinity":15,"f:58:2:58:19":4,"s:59:4:59:Infinity":16,"f:65:2:65:24":5,"s:66:4:66:Infinity":17,"f:72:2:72:25":6,"s:73:4:73:Infinity":18,"f:79:2:79:28":7,"s:80:4:80:Infinity":19,"f:86:2:86:21":8,"s:87:4:87:Infinity":20,"f:93:2:93:19":9,"s:94:4:94:Infinity":21,"f:100:2:100:18":10,"s:101:4:103:Infinity":22,"f:101:40:101:41":11,"s:102:6:102:Infinity":23,"f:110:2:110:12":12,"s:111:4:113:Infinity":24,"f:111:40:111:41":13,"s:112:6:112:Infinity":25,"f:119:2:119:18":14,"s:120:4:120:Infinity":26}}}
,"/Users/changjaeyou/Documents/projects/7100_Fly_paper_plane/src/blocks/block4-ui-ux/features/f5-sound-system/state/volumeStore.ts": {"path":"/Users/changjaeyou/Documents/projects/7100_Fly_paper_plane/src/blocks/block4-ui-ux/features/f5-sound-system/state/volumeStore.ts","statementMap":{"0":{"start":{"line":4,"column":23},"end":{"line":4,"column":null}},"1":{"start":{"line":5,"column":19},"end":{"line":5,"column":null}},"2":{"start":{"line":6,"column":19},"end":{"line":6,"column":null}},"3":{"start":{"line":9,"column":26},"end":{"line":9,"column":null}},"4":{"start":{"line":10,"column":25},"end":{"line":10,"column":null}},"5":{"start":{"line":11,"column":23},"end":{"line":11,"column":null}},"6":{"start":{"line":16,"column":20},"end":{"line":18,"column":null}},"7":{"start":{"line":17,"column":2},"end":{"line":17,"column":null}},"8":{"start":{"line":38,"column":13},"end":{"line":92,"column":null}},"9":{"start":{"line":38,"column":60},"end":{"line":92,"column":2}},"10":{"start":{"line":48,"column":20},"end":{"line":48,"column":null}},"11":{"start":{"line":49,"column":4},"end":{"line":49,"column":null}},"12":{"start":{"line":50,"column":4},"end":{"line":50,"column":null}},"13":{"start":{"line":58,"column":20},"end":{"line":58,"column":null}},"14":{"start":{"line":59,"column":4},"end":{"line":59,"column":null}},"15":{"start":{"line":60,"column":4},"end":{"line":60,"column":null}},"16":{"start":{"line":68,"column":20},"end":{"line":68,"column":null}},"17":{"start":{"line":69,"column":4},"end":{"line":69,"column":null}},"18":{"start":{"line":70,"column":4},"end":{"line":70,"column":null}},"19":{"start":{"line":78,"column":22},"end":{"line":78,"column":null}},"20":{"start":{"line":79,"column":21},"end":{"line":79,"column":null}},"21":{"start":{"line":80,"column":19},"end":{"line":80,"column":null}},"22":{"start":{"line":82,"column":19},"end":{"line":82,"column":null}},"23":{"start":{"line":83,"column":18},"end":{"line":83,"column":null}},"24":{"start":{"line":84,"column":16},"end":{"line":84,"column":null}},"25":{"start":{"line":86,"column":4},"end":{"line":90,"column":null}}},"fnMap":{"0":{"name":"(anonymous_0)","decl":{"start":{"line":16,"column":20},"end":{"line":16,"column":21}},"loc":{"start":{"line":16,"column":48},"end":{"line":18,"column":null}},"line":16},"1":{"name":"(anonymous_1)","decl":{"start":{"line":38,"column":50},"end":{"line":38,"column":51}},"loc":{"start":{"line":38,"column":60},"end":{"line":92,"column":2}},"line":38},"2":{"name":"(anonymous_2)","decl":{"start":{"line":47,"column":19},"end":{"line":47,"column":20}},"loc":{"start":{"line":47,"column":39},"end":{"line":51,"column":null}},"line":47},"3":{"name":"(anonymous_3)","decl":{"start":{"line":57,"column":18},"end":{"line":57,"column":19}},"loc":{"start":{"line":57,"column":38},"end":{"line":61,"column":null}},"line":57},"4":{"name":"(anonymous_4)","decl":{"start":{"line":67,"column":16},"end":{"line":67,"column":17}},"loc":{"start":{"line":67,"column":36},"end":{"line":71,"column":null}},"line":67},"5":{"name":"(anonymous_5)","decl":{"start":{"line":77,"column":24},"end":{"line":77,"column":30}},"loc":{"start":{"line":77,"column":30},"end":{"line":91,"column":null}},"line":77}},"branchMap":{"0":{"loc":{"start":{"line":82,"column":30},"end":{"line":82,"column":45}},"type":"binary-expr","locations":[{"start":{"line":82,"column":30},"end":{"line":82,"column":43}},{"start":{"line":82,"column":43},"end":{"line":82,"column":45}}],"line":82},"1":{"loc":{"start":{"line":83,"column":29},"end":{"line":83,"column":43}},"type":"binary-expr","locations":[{"start":{"line":83,"column":29},"end":{"line":83,"column":41}},{"start":{"line":83,"column":41},"end":{"line":83,"column":43}}],"line":83},"2":{"loc":{"start":{"line":84,"column":27},"end":{"line":84,"column":39}},"type":"binary-expr","locations":[{"start":{"line":84,"column":27},"end":{"line":84,"column":37}},{"start":{"line":84,"column":37},"end":{"line":84,"column":39}}],"line":84},"3":{"loc":{"start":{"line":87,"column":20},"end":{"line":87,"column":null}},"type":"cond-expr","locations":[{"start":{"line":87,"column":36},"end":{"line":87,"column":53}},{"start":{"line":87,"column":53},"end":{"line":87,"column":null}}],"line":87},"4":{"loc":{"start":{"line":88,"column":19},"end":{"line":88,"column":null}},"type":"cond-expr","locations":[{"start":{"line":88,"column":34},"end":{"line":88,"column":51}},{"start":{"line":88,"column":51},"end":{"line":88,"column":null}}],"line":88},"5":{"loc":{"start":{"line":89,"column":17},"end":{"line":89,"column":null}},"type":"cond-expr","locations":[{"start":{"line":89,"column":30},"end":{"line":89,"column":47}},{"start":{"line":89,"column":47},"end":{"line":89,"column":null}}],"line":89}},"s":{"0":2,"1":2,"2":2,"3":2,"4":2,"5":2,"6":2,"7":22,"8":2,"9":2,"10":8,"11":8,"12":8,"13":7,"14":7,"15":7,"16":7,"17":7,"18":7,"19":6,"20":6,"21":6,"22":6,"23":6,"24":6,"25":6},"f":{"0":22,"1":2,"2":8,"3":7,"4":7,"5":6},"b":{"0":[6,1],"1":[6,1],"2":[6,2],"3":[2,4],"4":[2,4],"5":[2,4]},"meta":{"lastBranch":6,"lastFunction":6,"lastStatement":26,"seen":{"s:4:23:4:Infinity":0,"s:5:19:5:Infinity":1,"s:6:19:6:Infinity":2,"s:9:26:9:Infinity":3,"s:10:25:10:Infinity":4,"s:11:23:11:Infinity":5,"s:16:20:18:Infinity":6,"f:16:20:16:21":0,"s:17:2:17:Infinity":7,"s:38:13:92:Infinity":8,"f:38:50:38:51":1,"s:38:60:92:2":9,"f:47:19:47:20":2,"s:48:20:48:Infinity":10,"s:49:4:49:Infinity":11,"s:50:4:50:Infinity":12,"f:57:18:57:19":3,"s:58:20:58:Infinity":13,"s:59:4:59:Infinity":14,"s:60:4:60:Infinity":15,"f:67:16:67:17":4,"s:68:20:68:Infinity":16,"s:69:4:69:Infinity":17,"s:70:4:70:Infinity":18,"f:77:24:77:30":5,"s:78:22:78:Infinity":19,"s:79:21:79:Infinity":20,"s:80:19:80:Infinity":21,"s:82:19:82:Infinity":22,"b:82:30:82:43:82:43:82:45":0,"s:83:18:83:Infinity":23,"b:83:29:83:41:83:41:83:43":1,"s:84:16:84:Infinity":24,"b:84:27:84:37:84:37:84:39":2,"s:86:4:90:Infinity":25,"b:87:36:87:53:87:53:87:Infinity":3,"b:88:34:88:51:88:51:88:Infinity":4,"b:89:30:89:47:89:47:89:Infinity":5}}}
,"/Users/changjaeyou/Documents/projects/7100_Fly_paper_plane/src/blocks/block4-ui-ux/stores/flightStore.ts": {"path":"/Users/changjaeyou/Documents/projects/7100_Fly_paper_plane/src/blocks/block4-ui-ux/stores/flightStore.ts","statementMap":{"0":{"start":{"line":11,"column":13},"end":{"line":14,"column":null}},"1":{"start":{"line":11,"column":60},"end":{"line":14,"column":2}},"2":{"start":{"line":13,"column":31},"end":{"line":13,"column":null}}},"fnMap":{"0":{"name":"(anonymous_0)","decl":{"start":{"line":11,"column":50},"end":{"line":11,"column":51}},"loc":{"start":{"line":11,"column":60},"end":{"line":14,"column":2}},"line":11},"1":{"name":"(anonymous_1)","decl":{"start":{"line":13,"column":12},"end":{"line":13,"column":13}},"loc":{"start":{"line":13,"column":31},"end":{"line":13,"column":null}},"line":13}},"branchMap":{},"s":{"0":0,"1":0,"2":0},"f":{"0":0,"1":0},"b":{},"meta":{"lastBranch":0,"lastFunction":2,"lastStatement":3,"seen":{"s:11:13:14:Infinity":0,"f:11:50:11:51":0,"s:11:60:14:2":1,"f:13:12:13:13":1,"s:13:31:13:Infinity":2}}}
,"/Users/changjaeyou/Documents/projects/7100_Fly_paper_plane/src/blocks/block4-ui-ux/stores/gameStore.ts": {"path":"/Users/changjaeyou/Documents/projects/7100_Fly_paper_plane/src/blocks/block4-ui-ux/stores/gameStore.ts","statementMap":{"0":{"start":{"line":12,"column":13},"end":{"line":39,"column":null}},"1":{"start":{"line":12,"column":69},"end":{"line":39,"column":2}},"2":{"start":{"line":18,"column":27},"end":{"line":18,"column":null}},"3":{"start":{"line":19,"column":32},"end":{"line":19,"column":null}},"4":{"start":{"line":20,"column":33},"end":{"line":20,"column":null}},"5":{"start":{"line":20,"column":49},"end":{"line":20,"column":94}},"6":{"start":{"line":21,"column":35},"end":{"line":21,"column":null}},"7":{"start":{"line":23,"column":4},"end":{"line":23,"column":null}},"8":{"start":{"line":23,"column":20},"end":{"line":23,"column":71}},"9":{"start":{"line":27,"column":34},"end":{"line":27,"column":null}},"10":{"start":{"line":29,"column":26},"end":{"line":29,"column":null}},"11":{"start":{"line":32,"column":4},"end":{"line":38,"column":null}}},"fnMap":{"0":{"name":"(anonymous_0)","decl":{"start":{"line":12,"column":59},"end":{"line":12,"column":60}},"loc":{"start":{"line":12,"column":69},"end":{"line":39,"column":2}},"line":12},"1":{"name":"(anonymous_1)","decl":{"start":{"line":18,"column":16},"end":{"line":18,"column":17}},"loc":{"start":{"line":18,"column":27},"end":{"line":18,"column":null}},"line":18},"2":{"name":"(anonymous_2)","decl":{"start":{"line":19,"column":21},"end":{"line":19,"column":22}},"loc":{"start":{"line":19,"column":32},"end":{"line":19,"column":null}},"line":19},"3":{"name":"(anonymous_3)","decl":{"start":{"line":20,"column":27},"end":{"line":20,"column":33}},"loc":{"start":{"line":20,"column":33},"end":{"line":20,"column":null}},"line":20},"4":{"name":"(anonymous_4)","decl":{"start":{"line":20,"column":37},"end":{"line":20,"column":38}},"loc":{"start":{"line":20,"column":49},"end":{"line":20,"column":94}},"line":20},"5":{"name":"(anonymous_5)","decl":{"start":{"line":21,"column":24},"end":{"line":21,"column":25}},"loc":{"start":{"line":21,"column":35},"end":{"line":21,"column":null}},"line":21},"6":{"name":"(anonymous_6)","decl":{"start":{"line":22,"column":30},"end":{"line":22,"column":null}},"loc":{"start":{"line":23,"column":4},"end":{"line":23,"column":null}},"line":23},"7":{"name":"(anonymous_7)","decl":{"start":{"line":23,"column":8},"end":{"line":23,"column":9}},"loc":{"start":{"line":23,"column":20},"end":{"line":23,"column":71}},"line":23},"8":{"name":"(anonymous_8)","decl":{"start":{"line":27,"column":23},"end":{"line":27,"column":24}},"loc":{"start":{"line":27,"column":34},"end":{"line":27,"column":null}},"line":27},"9":{"name":"(anonymous_9)","decl":{"start":{"line":29,"column":16},"end":{"line":29,"column":17}},"loc":{"start":{"line":29,"column":26},"end":{"line":29,"column":null}},"line":29},"10":{"name":"(anonymous_10)","decl":{"start":{"line":31,"column":9},"end":{"line":31,"column":null}},"loc":{"start":{"line":32,"column":4},"end":{"line":38,"column":null}},"line":32}},"branchMap":{},"s":{"0":0,"1":0,"2":0,"3":0,"4":0,"5":0,"6":0,"7":0,"8":0,"9":0,"10":0,"11":0},"f":{"0":0,"1":0,"2":0,"3":0,"4":0,"5":0,"6":0,"7":0,"8":0,"9":0,"10":0},"b":{},"meta":{"lastBranch":0,"lastFunction":11,"lastStatement":12,"seen":{"s:12:13:39:Infinity":0,"f:12:59:12:60":0,"s:12:69:39:2":1,"f:18:16:18:17":1,"s:18:27:18:Infinity":2,"f:19:21:19:22":2,"s:19:32:19:Infinity":3,"f:20:27:20:33":3,"s:20:33:20:Infinity":4,"f:20:37:20:38":4,"s:20:49:20:94":5,"f:21:24:21:25":5,"s:21:35:21:Infinity":6,"f:22:30:22:Infinity":6,"s:23:4:23:Infinity":7,"f:23:8:23:9":7,"s:23:20:23:71":8,"f:27:23:27:24":8,"s:27:34:27:Infinity":9,"f:29:16:29:17":9,"s:29:26:29:Infinity":10,"f:31:9:31:Infinity":10,"s:32:4:38:Infinity":11}}}
,"/Users/changjaeyou/Documents/projects/7100_Fly_paper_plane/src/blocks/block4-ui-ux/stores/socialStore.ts": {"path":"/Users/changjaeyou/Documents/projects/7100_Fly_paper_plane/src/blocks/block4-ui-ux/stores/socialStore.ts","statementMap":{"0":{"start":{"line":19,"column":6},"end":{"line":19,"column":null}},"1":{"start":{"line":22,"column":13},"end":{"line":47,"column":null}},"2":{"start":{"line":22,"column":73},"end":{"line":47,"column":2}},"3":{"start":{"line":28,"column":28},"end":{"line":28,"column":null}},"4":{"start":{"line":32,"column":4},"end":{"line":32,"column":null}},"5":{"start":{"line":33,"column":4},"end":{"line":33,"column":null}},"6":{"start":{"line":36,"column":4},"end":{"line":36,"column":null}},"7":{"start":{"line":37,"column":4},"end":{"line":37,"column":null}},"8":{"start":{"line":40,"column":4},"end":{"line":40,"column":null}},"9":{"start":{"line":41,"column":4},"end":{"line":41,"column":null}},"10":{"start":{"line":44,"column":4},"end":{"line":44,"column":null}},"11":{"start":{"line":45,"column":4},"end":{"line":45,"column":null}}},"fnMap":{"0":{"name":"(anonymous_0)","decl":{"start":{"line":22,"column":58},"end":{"line":22,"column":59}},"loc":{"start":{"line":22,"column":73},"end":{"line":47,"column":2}},"line":22},"1":{"name":"(anonymous_1)","decl":{"start":{"line":28,"column":18},"end":{"line":28,"column":19}},"loc":{"start":{"line":28,"column":28},"end":{"line":28,"column":null}},"line":28},"2":{"name":"(anonymous_2)","decl":{"start":{"line":31,"column":14},"end":{"line":31,"column":15}},"loc":{"start":{"line":31,"column":27},"end":{"line":34,"column":null}},"line":31},"3":{"name":"(anonymous_3)","decl":{"start":{"line":35,"column":14},"end":{"line":35,"column":15}},"loc":{"start":{"line":35,"column":27},"end":{"line":38,"column":null}},"line":35},"4":{"name":"(anonymous_4)","decl":{"start":{"line":39,"column":12},"end":{"line":39,"column":13}},"loc":{"start":{"line":39,"column":23},"end":{"line":42,"column":null}},"line":39},"5":{"name":"(anonymous_5)","decl":{"start":{"line":43,"column":16},"end":{"line":43,"column":22}},"loc":{"start":{"line":43,"column":22},"end":{"line":46,"column":null}},"line":43}},"branchMap":{},"s":{"0":0,"1":0,"2":0,"3":0,"4":0,"5":0,"6":0,"7":0,"8":0,"9":0,"10":0,"11":0},"f":{"0":0,"1":0,"2":0,"3":0,"4":0,"5":0},"b":{},"meta":{"lastBranch":0,"lastFunction":6,"lastStatement":12,"seen":{"s:19:6:19:Infinity":0,"s:22:13:47:Infinity":1,"f:22:58:22:59":0,"s:22:73:47:2":2,"f:28:18:28:19":1,"s:28:28:28:Infinity":3,"f:31:14:31:15":2,"s:32:4:32:Infinity":4,"s:33:4:33:Infinity":5,"f:35:14:35:15":3,"s:36:4:36:Infinity":6,"s:37:4:37:Infinity":7,"f:39:12:39:13":4,"s:40:4:40:Infinity":8,"s:41:4:41:Infinity":9,"f:43:16:43:22":5,"s:44:4:44:Infinity":10,"s:45:4:45:Infinity":11}}}
,"/Users/changjaeyou/Documents/projects/7100_Fly_paper_plane/src/blocks/block4-ui-ux/stores/timerStore.ts": {"path":"/Users/changjaeyou/Documents/projects/7100_Fly_paper_plane/src/blocks/block4-ui-ux/stores/timerStore.ts","statementMap":{"0":{"start":{"line":4,"column":13},"end":{"line":4,"column":null}}},"fnMap":{},"branchMap":{},"s":{"0":0},"f":{},"b":{},"meta":{"lastBranch":0,"lastFunction":0,"lastStatement":1,"seen":{"s:4:13:4:Infinity":0}}}
}
